SF:lib/core/functional_models/either.dart
DA:8,0
DA:10,2
DA:12,0
DA:14,0
DA:16,3
LF:5
LH:2
end_of_record
SF:lib/features/ads/data/models/asset.dart
DA:7,1
DA:10,0
DA:12,0
DA:14,0
DA:19,0
DA:21,0
DA:22,0
DA:26,0
DA:27,0
DA:34,0
DA:36,0
DA:38,0
DA:43,0
DA:45,0
DA:46,0
DA:47,0
DA:48,0
DA:52,0
DA:54,0
DA:56,0
DA:61,0
DA:62,0
DA:65,0
DA:67,0
DA:69,0
LF:25
LH:1
end_of_record
SF:lib/features/ads/data/services/ads_service.dart
DA:20,0
DA:32,0
DA:34,0
DA:35,0
DA:37,0
DA:38,0
DA:39,0
DA:40,0
DA:41,0
DA:42,0
DA:44,0
DA:45,0
DA:47,0
DA:48,0
DA:52,0
DA:54,0
DA:55,0
DA:62,0
DA:64,0
DA:65,0
DA:67,0
DA:68,0
DA:69,0
DA:70,0
DA:71,0
DA:73,0
DA:74,0
DA:78,0
DA:80,0
DA:81,0
DA:88,0
DA:90,0
DA:91,0
DA:92,0
DA:93,0
DA:94,0
DA:95,0
DA:97,0
DA:99,0
DA:100,0
DA:103,0
DA:105,0
DA:106,0
DA:113,0
DA:122,0
DA:125,0
DA:126,0
DA:129,0
DA:131,0
DA:132,0
DA:134,0
DA:135,0
DA:136,0
DA:137,0
DA:138,0
DA:139,0
DA:141,0
DA:142,0
DA:143,0
DA:145,0
DA:147,0
DA:148,0
DA:151,0
DA:154,0
DA:155,0
DA:157,0
DA:165,0
DA:167,0
DA:168,0
DA:169,0
DA:170,0
DA:171,0
DA:172,0
DA:174,0
DA:176,0
DA:177,0
DA:180,0
DA:182,0
DA:183,0
DA:190,0
DA:192,0
DA:193,0
DA:194,0
DA:195,0
DA:196,0
DA:197,0
DA:199,0
DA:201,0
DA:202,0
DA:205,0
DA:207,0
DA:208,0
DA:215,0
DA:217,0
DA:218,0
DA:219,0
DA:220,0
DA:221,0
DA:223,0
DA:224,0
DA:227,0
DA:229,0
DA:230,0
DA:237,0
DA:239,0
DA:241,0
DA:243,0
DA:244,0
DA:245,0
DA:247,0
DA:248,0
DA:251,0
DA:253,0
DA:254,0
DA:261,0
DA:263,0
DA:264,0
DA:265,0
DA:267,0
DA:270,0
DA:271,0
DA:274,0
DA:276,0
DA:277,0
DA:284,0
DA:286,0
DA:287,0
DA:288,0
DA:290,0
DA:293,0
DA:294,0
DA:297,0
DA:299,0
DA:300,0
DA:307,0
DA:309,0
DA:310,0
DA:311,0
DA:313,0
DA:316,0
DA:317,0
DA:320,0
DA:322,0
DA:323,0
DA:330,0
DA:332,0
DA:334,0
DA:339,0
DA:340,0
DA:341,0
DA:343,0
DA:344,0
DA:347,0
DA:349,0
DA:350,0
LF:155
LH:0
end_of_record
SF:lib/features/auth/data/services/auth_service.dart
DA:21,1
DA:24,0
DA:42,0
DA:46,0
DA:48,0
DA:50,0
DA:54,0
DA:63,0
DA:72,0
DA:75,0
DA:77,0
DA:78,0
DA:79,0
DA:80,0
DA:83,0
DA:87,0
DA:88,0
DA:92,0
DA:93,0
DA:96,0
DA:98,0
DA:99,0
DA:105,0
DA:109,0
DA:111,0
DA:118,0
DA:119,0
DA:126,0
DA:131,0
DA:133,0
DA:141,0
DA:142,0
DA:149,0
DA:151,0
DA:152,0
DA:153,0
DA:155,0
DA:156,0
DA:158,0
DA:159,0
DA:166,0
DA:167,0
DA:168,0
DA:169,0
DA:170,0
DA:171,0
DA:172,0
DA:173,0
DA:174,0
DA:175,0
DA:176,0
DA:178,0
DA:180,0
DA:187,0
DA:188,0
DA:194,0
DA:196,0
DA:197,0
DA:198,0
DA:200,0
DA:201,0
DA:203,0
DA:204,0
DA:208,0
DA:209,0
DA:213,0
DA:214,0
DA:215,0
DA:216,0
DA:217,0
DA:218,0
DA:219,0
DA:220,0
DA:221,0
DA:222,0
DA:223,0
DA:225,0
DA:227,0
DA:234,0
DA:236,0
DA:237,0
DA:238,0
DA:240,0
DA:241,0
DA:243,0
DA:244,0
DA:248,0
DA:249,0
DA:253,0
DA:254,0
DA:255,0
DA:256,0
DA:257,0
DA:258,0
DA:259,0
DA:260,0
DA:261,0
DA:262,0
DA:264,0
DA:266,0
DA:273,0
DA:275,0
DA:276,0
DA:277,0
DA:278,0
DA:280,0
DA:282,0
DA:285,0
DA:286,0
DA:287,0
DA:290,0
DA:291,0
DA:292,0
DA:294,0
DA:295,0
DA:297,0
DA:305,0
DA:306,0
DA:307,0
DA:308,0
DA:309,0
DA:310,0
DA:311,0
DA:312,0
DA:319,0
DA:320,0
DA:326,0
DA:327,0
DA:329,0
DA:330,0
DA:334,0
DA:335,0
DA:336,0
DA:339,0
DA:341,0
DA:342,0
DA:343,0
DA:345,0
DA:346,0
DA:347,0
DA:353,0
DA:361,0
DA:362,0
DA:365,0
DA:367,0
DA:369,0
LF:146
LH:1
end_of_record
SF:lib/core/utils/file_utils_mixin.dart
DA:8,0
DA:9,0
DA:10,0
DA:11,0
DA:12,0
DA:13,0
DA:16,0
DA:17,0
DA:18,0
DA:20,0
DA:21,0
LF:11
LH:0
end_of_record
SF:lib/features/wallet/data/models/wallet_balance_model.dart
DA:19,0
DA:23,3
DA:25,0
DA:26,0
DA:28,0
DA:29,0
DA:30,0
LF:7
LH:1
end_of_record
SF:lib/features/wallet/data/models/wallet_balance_model.g.dart
DA:9,0
DA:11,0
DA:13,0
DA:14,0
DA:16,0
DA:17,0
DA:18,0
DA:19,0
DA:20,0
DA:21,0
DA:24,0
DA:26,0
DA:27,0
DA:28,0
DA:30,0
DA:32,0
LF:16
LH:0
end_of_record
SF:lib/features/wallet/data/services/wallet_service.dart
DA:11,0
DA:20,0
DA:21,0
DA:23,0
DA:24,0
DA:25,0
DA:26,0
DA:28,0
DA:29,0
DA:32,0
DA:35,0
DA:36,0
DA:43,0
DA:44,0
DA:46,0
DA:47,0
DA:48,0
DA:49,0
DA:51,0
DA:52,0
DA:55,0
DA:58,0
DA:59,0
DA:66,0
DA:69,0
DA:70,0
DA:72,0
DA:74,0
DA:75,0
DA:76,0
DA:78,0
DA:79,0
DA:82,0
DA:85,0
DA:86,0
LF:35
LH:0
end_of_record
SF:lib/features/wallet/models/wallet_view_model.dart
DA:15,1
DA:35,0
DA:37,0
DA:39,2
DA:41,2
DA:43,2
DA:45,0
DA:47,2
DA:49,0
DA:51,0
DA:53,0
DA:55,0
DA:57,0
DA:59,0
DA:62,0
DA:63,0
DA:64,0
DA:65,0
DA:66,0
DA:68,0
DA:70,0
DA:71,0
DA:73,0
DA:76,0
DA:77,0
DA:78,0
DA:81,1
DA:82,1
DA:83,3
DA:84,3
DA:85,1
DA:86,2
DA:87,4
DA:88,4
DA:89,3
DA:91,0
DA:92,0
DA:93,0
DA:95,0
DA:99,1
DA:100,2
DA:101,1
DA:102,0
DA:103,0
DA:106,1
DA:107,0
DA:109,1
DA:110,0
DA:111,0
DA:114,1
DA:115,0
DA:116,0
DA:119,2
DA:120,1
DA:123,0
DA:124,0
DA:125,0
DA:127,0
DA:130,0
DA:131,0
DA:132,0
DA:134,0
DA:137,0
DA:138,0
DA:139,0
DA:142,0
DA:144,0
DA:147,0
DA:150,0
DA:151,0
DA:152,0
DA:153,0
DA:155,0
DA:160,0
DA:161,0
DA:162,0
DA:163,0
DA:166,0
DA:167,0
DA:168,0
DA:170,0
DA:171,0
DA:173,0
DA:178,1
DA:186,1
DA:187,2
DA:188,2
DA:189,2
DA:190,2
DA:191,2
DA:192,1
DA:195,0
DA:197,0
LF:93
LH:30
end_of_record
SF:lib/core/agora_font.dart
DA:12,0
LF:1
LH:0
end_of_record
SF:lib/core/api/api_client.dart
DA:16,0
DA:22,0
DA:49,0
DA:51,0
DA:56,0
DA:59,0
DA:65,0
DA:66,0
DA:80,0
DA:81,0
DA:82,0
DA:83,0
DA:84,0
DA:86,0
DA:87,0
DA:89,0
DA:90,0
DA:93,0
DA:95,0
DA:97,0
DA:98,0
DA:99,0
DA:100,0
DA:102,0
DA:104,0
DA:105,0
DA:106,0
DA:108,0
DA:109,0
DA:111,0
DA:112,0
DA:113,0
DA:114,0
DA:115,0
DA:121,0
DA:126,0
DA:127,0
DA:133,0
DA:139,0
DA:141,0
DA:142,0
DA:145,0
DA:152,0
DA:153,0
DA:161,0
DA:162,0
DA:165,0
DA:166,0
LF:48
LH:0
end_of_record
SF:lib/core/api/api_helper.dart
DA:7,0
DA:8,0
DA:10,0
DA:12,0
DA:13,0
DA:14,0
DA:15,0
DA:16,0
DA:22,0
DA:23,0
DA:26,0
DA:29,0
DA:31,0
DA:35,0
DA:41,0
DA:42,0
DA:44,0
DA:47,0
DA:49,0
DA:52,0
DA:53,0
DA:55,0
DA:56,0
DA:60,0
DA:62,0
DA:63,0
DA:64,0
DA:65,0
DA:66,0
DA:72,0
DA:73,0
DA:74,0
DA:75,0
DA:79,0
DA:81,0
DA:83,0
DA:84,0
DA:86,0
DA:87,0
DA:90,0
DA:95,0
LF:41
LH:0
end_of_record
SF:lib/core/api/mock_interceptor.dart
DA:13,0
DA:14,0
DA:16,0
DA:17,0
DA:19,0
DA:20,0
DA:22,0
DA:24,0
DA:25,0
DA:26,0
DA:32,0
DA:33,0
LF:12
LH:0
end_of_record
SF:lib/core/events.dart
DA:4,0
DA:11,0
DA:15,0
DA:21,0
DA:27,0
DA:37,0
DA:46,0
DA:58,1
DA:64,0
DA:66,0
DA:67,0
DA:70,0
DA:71,0
DA:74,0
DA:75,0
LF:15
LH:1
end_of_record
SF:lib/core/models/pagination.dart
DA:8,0
DA:16,0
DA:18,0
DA:20,0
DA:21,0
DA:22,0
DA:23,0
DA:39,1
DA:46,0
DA:48,0
DA:50,0
LF:11
LH:1
end_of_record
SF:lib/core/models/pagination.g.dart
DA:9,0
DA:10,0
DA:11,0
DA:12,0
DA:13,0
DA:14,0
DA:17,0
DA:18,0
DA:19,0
DA:20,0
DA:21,0
DA:22,0
LF:12
LH:0
end_of_record
SF:lib/core/mvvm/base_view_model.dart
DA:8,0
DA:15,0
DA:18,0
DA:21,0
DA:24,0
DA:26,1
DA:28,1
DA:29,1
DA:33,0
DA:35,0
DA:36,0
LF:11
LH:3
end_of_record
SF:lib/core/object_box.dart
DA:6,0
DA:8,0
DA:11,0
DA:12,0
DA:13,0
DA:16,0
LF:6
LH:0
end_of_record
SF:lib/objectbox.g.dart
DA:18,0
DA:19,0
DA:24,0
DA:25,0
DA:30,0
DA:35,0
DA:40,0
DA:46,0
DA:47,0
DA:48,0
DA:53,0
DA:54,0
DA:59,0
DA:65,0
DA:66,0
DA:67,0
DA:72,0
DA:73,0
DA:78,0
DA:83,0
DA:88,0
DA:94,0
DA:95,0
DA:99,0
DA:106,0
DA:107,0
DA:115,0
DA:116,0
DA:117,0
DA:141,0
DA:142,0
DA:143,0
DA:144,0
DA:145,0
DA:146,0
DA:147,0
DA:148,0
DA:150,0
DA:151,0
DA:153,0
DA:154,0
DA:155,0
DA:156,0
DA:157,0
DA:158,0
DA:159,0
DA:160,0
DA:162,0
DA:163,0
DA:164,0
DA:166,0
DA:168,0
DA:170,0
DA:171,0
DA:172,0
DA:173,0
DA:174,0
DA:178,0
DA:179,0
DA:180,0
DA:181,0
DA:182,0
DA:183,0
DA:184,0
DA:186,0
DA:187,0
DA:188,0
DA:189,0
DA:190,0
DA:191,0
DA:192,0
DA:193,0
DA:195,0
DA:196,0
DA:197,0
DA:199,0
DA:201,0
DA:202,0
DA:206,0
DA:207,0
DA:208,0
DA:209,0
DA:210,0
DA:211,0
DA:212,0
DA:214,0
DA:215,0
DA:216,0
DA:217,0
DA:218,0
DA:219,0
DA:220,0
DA:221,0
DA:222,0
DA:223,0
DA:225,0
DA:226,0
DA:227,0
DA:229,0
DA:231,0
DA:233,0
DA:235,0
DA:236,0
DA:242,0
DA:248,0
DA:249,0
DA:252,0
DA:253,0
DA:256,0
DA:257,0
DA:260,0
DA:261,0
DA:267,0
DA:268,0
DA:271,0
DA:272,0
DA:278,0
DA:279,0
DA:282,0
DA:283,0
DA:286,0
DA:287,0
DA:290,0
DA:291,0
LF:124
LH:0
end_of_record
SF:lib/core/secure_storage.dart
DA:3,1
DA:11,0
DA:15,0
DA:16,0
DA:17,0
DA:19,0
DA:20,0
DA:26,0
DA:27,0
LF:9
LH:1
end_of_record
SF:lib/core/serializers/agora_serializers.dart
DA:1,0
DA:2,0
DA:5,0
DA:9,0
LF:4
LH:0
end_of_record
SF:lib/core/theme/theme.dart
DA:5,0
DA:19,0
DA:31,0
DA:43,0
DA:45,0
DA:56,0
DA:81,0
DA:82,0
DA:84,0
DA:85,0
DA:87,0
DA:88,0
DA:90,0
DA:91,0
DA:93,0
DA:95,0
DA:98,0
DA:101,0
DA:105,0
DA:106,0
DA:107,0
DA:108,0
DA:109,0
DA:111,0
DA:112,0
DA:113,0
DA:114,0
DA:115,0
DA:117,0
DA:119,0
DA:120,0
DA:121,0
DA:122,0
DA:123,0
DA:124,0
DA:125,0
DA:127,0
DA:129,0
DA:131,0
DA:132,0
DA:134,0
DA:136,0
DA:138,0
DA:139,0
DA:141,0
DA:143,0
DA:145,0
DA:147,0
DA:149,0
DA:151,0
DA:159,0
DA:161,0
DA:163,0
DA:165,0
DA:166,0
DA:172,0
DA:173,0
DA:176,0
DA:177,0
DA:191,0
DA:192,0
DA:196,0
DA:200,0
DA:201,0
DA:204,0
DA:205,0
DA:208,0
DA:209,0
DA:210,0
DA:213,0
DA:214,0
DA:215,0
DA:220,0
DA:226,0
DA:267,0
DA:268,0
DA:282,0
DA:283,0
DA:285,0
DA:286,0
DA:288,0
DA:289,0
DA:291,0
DA:292,0
DA:294,0
DA:295,0
DA:297,0
DA:298,0
DA:300,0
DA:301,0
DA:308,0
DA:309,0
LF:92
LH:0
end_of_record
SF:lib/features/ads/data/models/ad_model.dart
DA:59,0
LF:1
LH:0
end_of_record
SF:lib/features/ads/data/models/ad_model.g.dart
DA:9,0
DA:10,0
DA:11,0
DA:12,0
DA:13,0
DA:14,0
DA:15,0
DA:16,0
DA:17,0
DA:18,0
DA:19,0
DA:20,0
DA:21,0
DA:22,0
DA:23,0
DA:25,0
DA:26,0
DA:27,0
DA:28,0
DA:29,0
DA:30,0
DA:32,0
DA:33,0
DA:34,0
DA:35,0
DA:36,0
DA:37,0
DA:38,0
DA:39,0
DA:40,0
DA:42,0
DA:43,0
DA:46,0
DA:47,0
DA:49,0
DA:51,0
DA:55,0
DA:56,0
DA:57,0
DA:58,0
DA:59,0
DA:60,0
DA:61,0
DA:62,0
DA:63,0
DA:64,0
DA:65,0
DA:66,0
DA:67,0
DA:68,0
DA:69,0
DA:70,0
DA:71,0
DA:72,0
DA:73,0
DA:74,0
DA:75,0
DA:76,0
DA:77,0
DA:78,0
DA:79,0
DA:80,0
DA:81,0
DA:82,0
DA:83,0
DA:84,0
DA:85,0
LF:67
LH:0
end_of_record
SF:lib/features/ads/data/models/trade_type.dart
DA:5,1
DA:17,0
DA:18,0
DA:20,0
DA:22,0
DA:23,0
DA:24,0
DA:26,0
DA:27,0
DA:28,0
DA:30,0
DA:31,0
DA:32,0
DA:34,0
DA:35,0
DA:39,0
DA:41,0
DA:42,0
DA:43,0
DA:44,0
DA:45,0
DA:46,0
DA:47,0
DA:48,0
DA:52,0
DA:53,0
DA:55,0
DA:56,0
DA:57,0
DA:58,0
DA:59,0
DA:60,0
DA:61,0
DA:62,0
DA:66,0
DA:67,0
DA:69,0
DA:70,0
DA:71,0
DA:72,0
DA:73,0
DA:74,0
DA:75,0
DA:76,0
DA:80,0
DA:81,0
DA:84,0
DA:85,0
DA:87,0
DA:88,0
DA:89,0
DA:90,0
DA:91,0
DA:92,0
DA:93,0
DA:94,0
DA:98,0
DA:100,0
DA:102,0
DA:104,0
DA:106,0
LF:61
LH:1
end_of_record
SF:lib/features/market/data/models/attached_profile_model.dart
DA:19,0
LF:1
LH:0
end_of_record
SF:lib/features/market/data/models/attached_profile_model.g.dart
DA:9,0
DA:11,0
DA:12,0
DA:13,0
DA:14,0
DA:15,0
DA:16,0
DA:19,0
DA:21,0
DA:22,0
DA:23,0
DA:24,0
DA:25,0
DA:26,0
LF:14
LH:0
end_of_record
SF:lib/features/ads/data/models/country_code_model.dart
DA:9,0
DA:19,0
DA:21,0
LF:3
LH:0
end_of_record
SF:lib/features/ads/data/models/country_code_model.g.dart
DA:9,0
DA:10,0
DA:12,0
DA:15,0
DA:16,0
DA:17,0
LF:6
LH:0
end_of_record
SF:lib/features/ads/data/models/currency_model.dart
DA:6,0
DA:11,0
DA:20,0
DA:21,0
DA:22,0
DA:23,0
DA:24,0
LF:7
LH:0
end_of_record
SF:lib/features/ads/data/models/currency_model.g.dart
DA:9,0
DA:10,0
DA:11,0
DA:12,0
DA:13,0
DA:16,0
DA:17,0
DA:18,0
DA:19,0
DA:20,0
LF:10
LH:0
end_of_record
SF:lib/features/ads/data/models/network_fees.dart
DA:4,1
DA:11,0
DA:12,0
DA:14,0
DA:15,0
DA:16,0
DA:17,0
DA:18,0
DA:19,0
DA:23,0
DA:24,0
DA:26,0
DA:27,0
DA:28,0
DA:29,0
DA:30,0
DA:31,0
DA:35,0
DA:36,0
LF:19
LH:1
end_of_record
SF:lib/generated/i18n.dart
DA:64,0
DA:68,0
DA:69,0
DA:13533,1
DA:13535,0
DA:13537,0
DA:13540,0
DA:13541,0
DA:13543,0
DA:13547,0
DA:13551,0
DA:13552,0
DA:13553,0
DA:13556,0
LF:14
LH:1
end_of_record
SF:lib/features/ads/data/models/payment_method_model.dart
DA:13,0
DA:14,0
DA:15,0
DA:16,0
DA:17,0
LF:5
LH:0
end_of_record
SF:lib/features/auth/data/models/api_errors.dart
DA:7,0
DA:11,0
DA:13,0
DA:14,0
DA:21,0
DA:23,0
DA:24,0
DA:25,0
DA:26,0
DA:27,0
DA:28,0
DA:29,0
DA:30,0
DA:31,0
DA:32,0
DA:33,0
DA:34,0
DA:35,0
DA:36,0
DA:37,0
DA:38,0
DA:39,0
DA:40,0
DA:41,0
DA:42,0
DA:43,0
DA:44,0
DA:45,0
DA:46,0
DA:47,0
DA:48,0
DA:49,0
DA:50,0
DA:52,0
DA:56,0
DA:57,0
DA:58,0
DA:59,0
DA:60,0
DA:63,0
LF:40
LH:0
end_of_record
SF:lib/features/auth/data/models/sign_up_request.dart
DA:21,0
LF:1
LH:0
end_of_record
SF:lib/features/auth/data/models/sign_up_request.g.dart
DA:9,0
DA:10,0
DA:11,0
DA:12,0
DA:13,0
DA:14,0
DA:15,0
DA:16,0
DA:19,0
DA:20,0
DA:21,0
DA:22,0
DA:23,0
DA:26,0
DA:28,0
DA:32,0
DA:33,0
DA:34,0
LF:18
LH:0
end_of_record
SF:lib/features/auth/models/user_model.dart
DA:5,0
LF:1
LH:0
end_of_record
SF:lib/features/user/data/models/user_settings.dart
DA:6,0
DA:19,0
DA:20,0
DA:21,0
DA:24,0
DA:25,0
DA:27,0
DA:30,0
DA:31,0
DA:33,0
DA:34,0
DA:39,0
DA:40,0
DA:41,0
DA:42,0
LF:15
LH:0
end_of_record
SF:lib/features/user/events.dart
DA:2,1
LF:1
LH:1
end_of_record
SF:lib/features/user/services/user_service.dart
DA:4,0
LF:1
LH:0
end_of_record
SF:lib/features/wallet/data/models/btc_fee_model.dart
DA:11,0
DA:22,0
DA:24,0
DA:26,0
DA:27,0
DA:28,0
DA:29,0
DA:30,0
DA:31,0
LF:9
LH:0
end_of_record
SF:lib/features/wallet/data/models/btc_fee_model.g.dart
DA:9,0
DA:10,0
DA:11,0
DA:12,0
DA:13,0
DA:14,0
DA:15,0
DA:16,0
DA:19,0
DA:20,0
DA:21,0
DA:22,0
DA:23,0
DA:24,0
DA:25,0
DA:26,0
LF:16
LH:0
end_of_record
SF:lib/features/wallet/data/models/transaction_model.dart
DA:21,0
LF:1
LH:0
end_of_record
SF:lib/features/wallet/data/models/transaction_model.g.dart
DA:9,0
DA:10,0
DA:11,0
DA:12,0
DA:13,0
DA:14,0
DA:15,0
DA:16,0
DA:17,0
DA:20,0
DA:21,0
DA:22,0
DA:23,0
DA:24,0
DA:25,0
DA:26,0
DA:27,0
DA:28,0
LF:18
LH:0
end_of_record
SF:lib/generated/i18n_en.dart
DA:8,0
DA:10,0
DA:13,0
DA:16,0
DA:19,0
DA:22,0
DA:25,0
DA:28,0
DA:31,0
DA:34,0
DA:37,0
DA:40,0
DA:43,0
DA:46,0
DA:49,0
DA:52,0
DA:55,0
DA:58,0
DA:61,0
DA:64,0
DA:67,0
DA:70,0
DA:73,0
DA:76,0
DA:79,0
DA:82,0
DA:85,0
DA:88,0
DA:91,0
DA:93,0
DA:96,0
DA:99,0
DA:102,0
DA:105,0
DA:108,0
DA:111,0
DA:114,0
DA:117,0
DA:120,0
DA:123,0
DA:126,0
DA:129,0
DA:132,0
DA:135,0
DA:138,0
DA:141,0
DA:144,0
DA:147,0
DA:150,0
DA:153,0
DA:156,0
DA:159,0
DA:162,0
DA:165,0
DA:168,0
DA:171,0
DA:174,0
DA:177,0
DA:180,0
DA:183,0
DA:186,0
DA:189,0
DA:192,0
DA:195,0
DA:198,0
DA:201,0
DA:204,0
DA:206,0
DA:209,0
DA:212,0
DA:215,0
DA:218,0
DA:221,0
DA:224,0
DA:227,0
DA:230,0
DA:233,0
DA:236,0
DA:239,0
DA:242,0
DA:245,0
DA:248,0
DA:251,0
DA:254,0
DA:257,0
DA:259,0
DA:262,0
DA:264,0
DA:267,0
DA:270,0
DA:273,0
DA:276,0
DA:279,0
DA:282,0
DA:285,0
DA:288,0
DA:291,0
DA:294,0
DA:297,0
DA:300,0
DA:303,0
DA:306,0
DA:309,0
DA:312,0
DA:315,0
DA:318,0
DA:321,0
DA:323,0
DA:326,0
DA:328,0
DA:331,0
DA:334,0
DA:337,0
DA:340,0
DA:343,0
DA:346,0
DA:349,0
DA:352,0
DA:355,0
DA:358,0
DA:361,0
DA:364,0
DA:367,0
DA:370,0
DA:373,0
DA:376,0
DA:379,0
DA:382,0
DA:385,0
DA:388,0
DA:391,0
DA:394,0
DA:397,0
DA:400,0
DA:403,0
DA:406,0
DA:409,0
DA:412,0
DA:415,0
DA:418,0
DA:421,0
DA:424,0
DA:427,0
DA:430,0
DA:433,0
DA:436,0
DA:439,0
DA:442,0
DA:445,0
DA:448,0
DA:451,0
DA:454,0
DA:457,0
DA:460,0
DA:463,0
DA:466,0
DA:469,0
DA:472,0
DA:475,0
DA:478,0
DA:481,0
DA:484,0
DA:487,0
DA:490,0
DA:493,0
DA:496,0
DA:499,0
DA:502,0
DA:505,0
DA:508,0
DA:511,0
DA:514,0
DA:517,0
DA:520,0
DA:523,0
DA:526,0
DA:529,0
DA:532,0
DA:535,0
DA:538,0
DA:541,0
DA:544,0
DA:547,0
DA:550,0
DA:553,0
DA:556,0
DA:559,0
DA:562,0
DA:565,0
DA:568,0
DA:571,0
DA:574,0
DA:577,0
DA:580,0
DA:583,0
DA:586,0
DA:589,0
DA:592,0
DA:595,0
DA:598,0
DA:601,0
DA:604,0
DA:607,0
DA:610,0
DA:613,0
DA:616,0
DA:619,0
DA:622,0
DA:625,0
DA:628,0
DA:631,0
DA:634,0
DA:637,0
DA:640,0
DA:643,0
DA:646,0
DA:649,0
DA:652,0
DA:655,0
DA:658,0
DA:661,0
DA:664,0
DA:667,0
DA:670,0
DA:673,0
DA:676,0
DA:679,0
DA:682,0
DA:685,0
DA:688,0
DA:691,0
DA:694,0
DA:697,0
DA:700,0
DA:703,0
DA:706,0
DA:709,0
DA:712,0
DA:715,0
DA:718,0
DA:721,0
DA:724,0
DA:727,0
DA:730,0
DA:733,0
DA:736,0
DA:739,0
DA:742,0
DA:745,0
DA:748,0
DA:751,0
DA:754,0
DA:757,0
DA:760,0
DA:763,0
DA:766,0
DA:769,0
DA:772,0
DA:775,0
DA:777,0
DA:780,0
DA:783,0
DA:786,0
DA:789,0
DA:792,0
DA:795,0
DA:798,0
DA:801,0
DA:804,0
DA:807,0
DA:810,0
DA:813,0
DA:816,0
DA:819,0
DA:822,0
DA:825,0
DA:828,0
DA:831,0
DA:834,0
DA:837,0
DA:840,0
DA:843,0
DA:846,0
DA:849,0
DA:852,0
DA:855,0
DA:858,0
DA:861,0
DA:864,0
DA:867,0
DA:870,0
DA:873,0
DA:876,0
DA:879,0
DA:882,0
DA:885,0
DA:888,0
DA:891,0
DA:894,0
DA:897,0
DA:900,0
DA:903,0
DA:906,0
DA:909,0
DA:912,0
DA:915,0
DA:918,0
DA:920,0
DA:923,0
DA:926,0
DA:929,0
DA:932,0
DA:935,0
DA:938,0
DA:941,0
DA:944,0
DA:947,0
DA:950,0
DA:953,0
DA:956,0
DA:959,0
DA:962,0
DA:965,0
DA:968,0
DA:971,0
DA:974,0
DA:977,0
DA:980,0
DA:983,0
DA:986,0
DA:989,0
DA:992,0
DA:995,0
DA:998,0
DA:1001,0
DA:1004,0
DA:1007,0
DA:1010,0
DA:1013,0
DA:1016,0
DA:1019,0
DA:1022,0
DA:1025,0
DA:1028,0
DA:1031,0
DA:1034,0
DA:1037,0
DA:1040,0
DA:1043,0
DA:1046,0
DA:1049,0
DA:1052,0
DA:1055,0
DA:1058,0
DA:1061,0
DA:1064,0
DA:1067,0
DA:1070,0
DA:1073,0
DA:1076,0
DA:1079,0
DA:1082,0
DA:1085,0
DA:1088,0
DA:1091,0
DA:1094,0
DA:1097,0
DA:1100,0
DA:1103,0
DA:1106,0
DA:1109,0
DA:1112,0
DA:1115,0
DA:1118,0
DA:1121,0
DA:1124,0
DA:1127,0
DA:1130,0
DA:1133,0
DA:1136,0
DA:1139,0
DA:1142,0
DA:1145,0
DA:1148,0
DA:1151,0
DA:1154,0
DA:1157,0
DA:1160,0
DA:1163,0
DA:1166,0
DA:1169,0
DA:1172,0
DA:1175,0
DA:1178,0
DA:1181,0
DA:1184,0
DA:1187,0
DA:1190,0
DA:1193,0
DA:1196,0
DA:1199,0
DA:1202,0
DA:1205,0
DA:1208,0
DA:1211,0
DA:1214,0
DA:1217,0
DA:1220,0
DA:1223,0
DA:1226,0
DA:1229,0
DA:1232,0
DA:1235,0
DA:1238,0
DA:1241,0
DA:1244,0
DA:1247,0
DA:1250,0
DA:1253,0
DA:1256,0
DA:1259,0
DA:1262,0
DA:1265,0
DA:1268,0
DA:1271,0
DA:1274,0
DA:1277,0
DA:1280,0
DA:1283,0
DA:1286,0
DA:1289,0
DA:1292,0
DA:1295,0
DA:1298,0
DA:1301,0
DA:1304,0
DA:1307,0
DA:1310,0
DA:1313,0
DA:1316,0
DA:1319,0
DA:1322,0
DA:1325,0
DA:1328,0
DA:1331,0
DA:1334,0
DA:1337,0
DA:1340,0
DA:1343,0
DA:1346,0
DA:1349,0
DA:1352,0
DA:1355,0
DA:1358,0
DA:1361,0
DA:1364,0
DA:1367,0
DA:1370,0
DA:1373,0
DA:1376,0
DA:1379,0
DA:1382,0
DA:1385,0
DA:1388,0
DA:1391,0
DA:1394,0
DA:1397,0
DA:1400,0
DA:1403,0
DA:1406,0
DA:1409,0
DA:1412,0
DA:1415,0
DA:1418,0
DA:1421,0
DA:1424,0
DA:1427,0
DA:1430,0
DA:1433,0
DA:1436,0
DA:1439,0
DA:1442,0
DA:1445,0
DA:1448,0
DA:1451,0
DA:1454,0
DA:1457,0
DA:1460,0
DA:1463,0
DA:1466,0
DA:1469,0
DA:1472,0
DA:1475,0
DA:1478,0
DA:1481,0
DA:1484,0
DA:1487,0
DA:1490,0
DA:1493,0
DA:1496,0
DA:1499,0
DA:1502,0
DA:1505,0
DA:1508,0
DA:1511,0
DA:1514,0
DA:1517,0
DA:1520,0
DA:1523,0
DA:1526,0
DA:1529,0
DA:1532,0
DA:1535,0
DA:1538,0
DA:1541,0
DA:1544,0
DA:1547,0
DA:1550,0
DA:1553,0
DA:1556,0
DA:1559,0
DA:1562,0
DA:1565,0
DA:1568,0
DA:1571,0
DA:1574,0
DA:1577,0
DA:1580,0
DA:1583,0
DA:1586,0
DA:1589,0
DA:1592,0
DA:1595,0
DA:1597,0
DA:1600,0
DA:1603,0
DA:1606,0
DA:1609,0
DA:1612,0
DA:1615,0
DA:1618,0
DA:1621,0
DA:1624,0
DA:1627,0
DA:1630,0
DA:1633,0
DA:1636,0
DA:1639,0
DA:1642,0
DA:1645,0
DA:1648,0
DA:1651,0
DA:1654,0
DA:1657,0
DA:1660,0
DA:1663,0
DA:1666,0
DA:1669,0
DA:1672,0
DA:1675,0
DA:1678,0
DA:1681,0
DA:1684,0
DA:1687,0
DA:1690,0
DA:1693,0
DA:1696,0
DA:1699,0
DA:1702,0
DA:1705,0
DA:1708,0
DA:1711,0
DA:1714,0
DA:1717,0
DA:1720,0
DA:1723,0
DA:1726,0
DA:1729,0
DA:1732,0
DA:1735,0
DA:1738,0
DA:1741,0
DA:1744,0
DA:1747,0
DA:1750,0
DA:1753,0
DA:1756,0
DA:1759,0
DA:1762,0
DA:1765,0
DA:1768,0
DA:1771,0
DA:1774,0
DA:1777,0
DA:1780,0
DA:1783,0
DA:1786,0
DA:1789,0
DA:1792,0
DA:1795,0
DA:1798,0
DA:1801,0
DA:1804,0
DA:1807,0
DA:1810,0
DA:1813,0
DA:1816,0
DA:1819,0
DA:1822,0
DA:1825,0
DA:1828,0
DA:1831,0
DA:1834,0
DA:1837,0
DA:1840,0
DA:1843,0
DA:1846,0
DA:1849,0
DA:1852,0
DA:1855,0
DA:1858,0
DA:1861,0
DA:1864,0
DA:1867,0
DA:1870,0
DA:1873,0
DA:1876,0
DA:1879,0
DA:1882,0
DA:1885,0
DA:1888,0
DA:1891,0
DA:1894,0
DA:1897,0
DA:1900,0
DA:1903,0
DA:1906,0
DA:1909,0
DA:1912,0
DA:1915,0
DA:1918,0
DA:1921,0
DA:1924,0
DA:1927,0
DA:1930,0
DA:1933,0
DA:1936,0
DA:1939,0
DA:1942,0
DA:1945,0
DA:1948,0
DA:1951,0
DA:1954,0
DA:1957,0
DA:1960,0
DA:1963,0
DA:1966,0
DA:1969,0
DA:1972,0
DA:1975,0
DA:1978,0
DA:1981,0
DA:1984,0
DA:1987,0
DA:1990,0
DA:1993,0
DA:1996,0
DA:1999,0
DA:2002,0
DA:2005,0
DA:2008,0
DA:2011,0
DA:2014,0
DA:2017,0
DA:2020,0
DA:2023,0
DA:2026,0
DA:2029,0
DA:2032,0
DA:2035,0
DA:2038,0
DA:2041,0
DA:2044,0
DA:2047,0
DA:2050,0
DA:2053,0
DA:2056,0
DA:2059,0
DA:2062,0
DA:2065,0
DA:2068,0
DA:2071,0
DA:2074,0
DA:2077,0
DA:2080,0
DA:2083,0
DA:2086,0
DA:2089,0
DA:2092,0
DA:2095,0
DA:2098,0
DA:2101,0
DA:2104,0
DA:2107,0
DA:2110,0
DA:2113,0
DA:2116,0
DA:2119,0
DA:2122,0
DA:2125,0
DA:2128,0
DA:2131,0
DA:2134,0
DA:2137,0
DA:2140,0
DA:2143,0
DA:2146,0
DA:2149,0
DA:2152,0
DA:2155,0
DA:2158,0
DA:2161,0
DA:2164,0
DA:2167,0
DA:2170,0
DA:2173,0
DA:2176,0
DA:2179,0
DA:2182,0
DA:2185,0
DA:2188,0
DA:2191,0
DA:2194,0
DA:2197,0
DA:2200,0
DA:2203,0
DA:2206,0
DA:2209,0
DA:2212,0
DA:2215,0
DA:2218,0
DA:2221,0
DA:2224,0
DA:2227,0
DA:2230,0
DA:2233,0
DA:2236,0
DA:2239,0
DA:2242,0
DA:2245,0
DA:2248,0
DA:2251,0
DA:2254,0
DA:2257,0
DA:2260,0
DA:2263,0
DA:2266,0
DA:2269,0
DA:2272,0
DA:2275,0
DA:2278,0
DA:2281,0
DA:2284,0
DA:2287,0
DA:2290,0
DA:2293,0
DA:2296,0
DA:2299,0
DA:2302,0
DA:2305,0
DA:2308,0
DA:2311,0
DA:2314,0
DA:2317,0
DA:2320,0
DA:2323,0
DA:2326,0
DA:2329,0
DA:2332,0
DA:2335,0
DA:2338,0
DA:2341,0
DA:2344,0
DA:2347,0
DA:2350,0
DA:2353,0
DA:2356,0
DA:2359,0
DA:2362,0
DA:2365,0
DA:2368,0
DA:2371,0
DA:2374,0
DA:2377,0
DA:2380,0
DA:2383,0
DA:2386,0
DA:2389,0
DA:2392,0
DA:2395,0
DA:2398,0
DA:2401,0
DA:2404,0
DA:2407,0
DA:2410,0
DA:2413,0
DA:2416,0
DA:2419,0
DA:2422,0
DA:2425,0
DA:2428,0
DA:2431,0
DA:2434,0
DA:2437,0
DA:2440,0
DA:2443,0
DA:2446,0
DA:2449,0
DA:2452,0
DA:2455,0
DA:2458,0
DA:2461,0
DA:2464,0
DA:2467,0
DA:2470,0
DA:2473,0
DA:2476,0
DA:2479,0
DA:2482,0
DA:2485,0
DA:2488,0
DA:2491,0
DA:2494,0
DA:2497,0
DA:2500,0
DA:2503,0
DA:2506,0
DA:2509,0
DA:2512,0
DA:2515,0
DA:2518,0
DA:2521,0
DA:2524,0
DA:2527,0
DA:2530,0
DA:2533,0
DA:2536,0
DA:2539,0
DA:2542,0
DA:2545,0
DA:2548,0
DA:2551,0
DA:2554,0
DA:2557,0
DA:2560,0
DA:2563,0
DA:2566,0
DA:2569,0
DA:2572,0
DA:2575,0
DA:2578,0
DA:2581,0
DA:2584,0
DA:2587,0
DA:2590,0
DA:2593,0
DA:2596,0
DA:2599,0
DA:2602,0
DA:2605,0
DA:2608,0
DA:2611,0
DA:2614,0
DA:2617,0
DA:2620,0
DA:2623,0
DA:2626,0
DA:2629,0
DA:2632,0
DA:2635,0
DA:2638,0
DA:2641,0
DA:2644,0
DA:2647,0
DA:2650,0
DA:2653,0
DA:2656,0
DA:2659,0
DA:2662,0
DA:2665,0
DA:2668,0
DA:2671,0
DA:2674,0
DA:2677,0
DA:2680,0
DA:2683,0
DA:2686,0
DA:2689,0
DA:2692,0
DA:2695,0
DA:2698,0
DA:2701,0
DA:2704,0
DA:2707,0
DA:2710,0
DA:2713,0
DA:2716,0
DA:2719,0
DA:2722,0
DA:2725,0
DA:2728,0
DA:2731,0
DA:2734,0
DA:2737,0
DA:2740,0
DA:2743,0
DA:2746,0
DA:2749,0
DA:2752,0
DA:2755,0
DA:2758,0
DA:2761,0
DA:2764,0
DA:2767,0
DA:2770,0
DA:2773,0
DA:2776,0
DA:2779,0
DA:2782,0
DA:2785,0
DA:2788,0
DA:2791,0
DA:2794,0
DA:2797,0
DA:2800,0
DA:2803,0
DA:2806,0
DA:2809,0
DA:2812,0
DA:2815,0
DA:2818,0
DA:2821,0
DA:2824,0
DA:2827,0
DA:2830,0
DA:2833,0
DA:2836,0
DA:2839,0
DA:2842,0
DA:2845,0
DA:2848,0
DA:2851,0
DA:2854,0
DA:2857,0
DA:2860,0
DA:2863,0
DA:2866,0
DA:2869,0
DA:2872,0
DA:2875,0
DA:2878,0
DA:2881,0
DA:2884,0
DA:2887,0
DA:2890,0
DA:2893,0
DA:2896,0
DA:2899,0
DA:2902,0
DA:2905,0
DA:2908,0
DA:2911,0
DA:2914,0
DA:2917,0
DA:2920,0
DA:2923,0
DA:2926,0
DA:2929,0
DA:2932,0
DA:2935,0
DA:2938,0
DA:2941,0
DA:2944,0
DA:2947,0
DA:2950,0
DA:2953,0
DA:2956,0
DA:2959,0
DA:2962,0
DA:2965,0
DA:2968,0
DA:2971,0
DA:2974,0
DA:2977,0
DA:2980,0
DA:2983,0
DA:2986,0
DA:2989,0
DA:2992,0
DA:2995,0
DA:2998,0
DA:3001,0
DA:3004,0
DA:3007,0
DA:3010,0
DA:3013,0
DA:3016,0
DA:3019,0
DA:3022,0
DA:3025,0
DA:3028,0
DA:3031,0
DA:3034,0
DA:3037,0
DA:3040,0
DA:3043,0
DA:3046,0
DA:3049,0
DA:3052,0
DA:3055,0
DA:3058,0
DA:3061,0
DA:3064,0
DA:3067,0
DA:3070,0
DA:3073,0
DA:3076,0
DA:3079,0
DA:3082,0
DA:3085,0
DA:3088,0
DA:3091,0
DA:3094,0
DA:3097,0
DA:3100,0
DA:3103,0
DA:3106,0
DA:3109,0
DA:3112,0
DA:3115,0
DA:3118,0
DA:3121,0
DA:3124,0
DA:3127,0
DA:3130,0
DA:3133,0
DA:3136,0
DA:3139,0
DA:3142,0
DA:3145,0
DA:3148,0
DA:3151,0
DA:3154,0
DA:3157,0
DA:3160,0
DA:3163,0
DA:3166,0
DA:3169,0
DA:3172,0
DA:3175,0
DA:3178,0
DA:3181,0
DA:3184,0
DA:3187,0
DA:3190,0
DA:3193,0
DA:3196,0
DA:3199,0
DA:3202,0
DA:3205,0
DA:3208,0
DA:3211,0
DA:3214,0
DA:3217,0
DA:3220,0
DA:3223,0
DA:3226,0
DA:3229,0
DA:3232,0
DA:3235,0
DA:3238,0
DA:3241,0
DA:3244,0
DA:3247,0
DA:3250,0
DA:3253,0
DA:3256,0
DA:3259,0
DA:3262,0
DA:3265,0
DA:3268,0
DA:3271,0
DA:3274,0
DA:3277,0
DA:3280,0
DA:3283,0
DA:3286,0
DA:3289,0
DA:3292,0
DA:3295,0
DA:3298,0
DA:3301,0
DA:3304,0
DA:3307,0
DA:3310,0
DA:3313,0
DA:3316,0
DA:3319,0
DA:3322,0
DA:3325,0
DA:3328,0
DA:3331,0
DA:3334,0
DA:3337,0
DA:3340,0
DA:3343,0
DA:3346,0
DA:3349,0
DA:3352,0
DA:3355,0
DA:3358,0
DA:3361,0
DA:3364,0
DA:3367,0
DA:3370,0
DA:3373,0
DA:3376,0
DA:3379,0
DA:3382,0
DA:3385,0
DA:3388,0
DA:3391,0
DA:3394,0
DA:3397,0
DA:3400,0
DA:3403,0
DA:3406,0
DA:3409,0
DA:3412,0
DA:3415,0
DA:3418,0
DA:3421,0
DA:3424,0
DA:3427,0
DA:3430,0
DA:3433,0
DA:3436,0
DA:3439,0
DA:3442,0
DA:3445,0
DA:3448,0
DA:3451,0
DA:3454,0
DA:3457,0
DA:3460,0
DA:3463,0
DA:3466,0
DA:3469,0
DA:3472,0
DA:3475,0
DA:3478,0
DA:3481,0
DA:3484,0
DA:3487,0
DA:3490,0
DA:3493,0
DA:3496,0
DA:3499,0
DA:3502,0
DA:3505,0
DA:3508,0
DA:3511,0
DA:3514,0
DA:3517,0
DA:3520,0
DA:3523,0
DA:3526,0
DA:3529,0
DA:3532,0
DA:3535,0
DA:3538,0
DA:3541,0
DA:3544,0
DA:3547,0
DA:3550,0
DA:3553,0
DA:3556,0
DA:3559,0
DA:3562,0
DA:3565,0
DA:3568,0
DA:3571,0
DA:3574,0
DA:3577,0
DA:3580,0
DA:3583,0
DA:3586,0
DA:3589,0
DA:3592,0
DA:3595,0
DA:3598,0
DA:3601,0
DA:3604,0
DA:3607,0
DA:3610,0
DA:3613,0
DA:3616,0
DA:3619,0
DA:3622,0
DA:3625,0
DA:3628,0
DA:3631,0
DA:3634,0
DA:3637,0
DA:3640,0
DA:3643,0
DA:3646,0
DA:3649,0
DA:3652,0
DA:3655,0
DA:3658,0
DA:3661,0
DA:3664,0
DA:3667,0
DA:3670,0
DA:3673,0
DA:3676,0
DA:3679,0
DA:3682,0
DA:3685,0
DA:3688,0
DA:3691,0
DA:3694,0
DA:3697,0
DA:3700,0
DA:3703,0
DA:3706,0
DA:3709,0
DA:3712,0
DA:3715,0
DA:3718,0
DA:3721,0
DA:3724,0
DA:3727,0
DA:3730,0
DA:3733,0
DA:3736,0
DA:3739,0
DA:3742,0
DA:3745,0
DA:3748,0
DA:3751,0
DA:3754,0
DA:3757,0
DA:3760,0
DA:3763,0
DA:3766,0
DA:3769,0
DA:3772,0
DA:3775,0
DA:3778,0
DA:3781,0
DA:3784,0
DA:3787,0
DA:3790,0
DA:3793,0
DA:3796,0
DA:3799,0
DA:3802,0
DA:3805,0
DA:3808,0
DA:3811,0
DA:3814,0
DA:3817,0
DA:3820,0
DA:3823,0
DA:3826,0
DA:3829,0
DA:3832,0
DA:3835,0
DA:3838,0
DA:3841,0
DA:3844,0
DA:3847,0
DA:3850,0
DA:3853,0
DA:3856,0
DA:3859,0
DA:3862,0
DA:3865,0
DA:3868,0
DA:3871,0
DA:3874,0
DA:3877,0
DA:3880,0
DA:3883,0
DA:3886,0
DA:3889,0
DA:3892,0
DA:3895,0
DA:3898,0
DA:3901,0
DA:3904,0
DA:3907,0
DA:3910,0
DA:3913,0
DA:3916,0
DA:3919,0
DA:3922,0
DA:3925,0
DA:3928,0
DA:3931,0
DA:3934,0
DA:3937,0
DA:3940,0
DA:3943,0
DA:3946,0
DA:3949,0
DA:3952,0
DA:3955,0
DA:3958,0
DA:3961,0
DA:3964,0
DA:3967,0
DA:3970,0
DA:3973,0
DA:3976,0
DA:3979,0
DA:3982,0
DA:3985,0
DA:3988,0
DA:3991,0
DA:3994,0
DA:3997,0
DA:4000,0
DA:4003,0
DA:4006,0
DA:4009,0
DA:4012,0
DA:4015,0
DA:4018,0
DA:4021,0
DA:4024,0
DA:4027,0
DA:4030,0
DA:4033,0
DA:4036,0
DA:4039,0
DA:4042,0
DA:4045,0
DA:4048,0
DA:4051,0
DA:4054,0
DA:4057,0
DA:4060,0
DA:4063,0
DA:4066,0
DA:4069,0
DA:4072,0
DA:4075,0
DA:4078,0
DA:4081,0
DA:4084,0
DA:4087,0
DA:4090,0
DA:4093,0
DA:4096,0
DA:4099,0
DA:4102,0
DA:4105,0
DA:4108,0
DA:4111,0
DA:4114,0
DA:4117,0
DA:4120,0
DA:4123,0
DA:4126,0
DA:4129,0
DA:4132,0
DA:4135,0
DA:4138,0
DA:4141,0
DA:4144,0
DA:4147,0
DA:4150,0
DA:4153,0
DA:4156,0
DA:4159,0
DA:4162,0
DA:4165,0
DA:4168,0
DA:4171,0
DA:4174,0
DA:4177,0
DA:4179,0
DA:4182,0
DA:4184,0
DA:4187,0
DA:4190,0
DA:4193,0
DA:4196,0
DA:4199,0
DA:4202,0
DA:4205,0
DA:4208,0
DA:4211,0
DA:4214,0
DA:4217,0
DA:4220,0
DA:4223,0
DA:4226,0
DA:4229,0
DA:4232,0
DA:4235,0
DA:4238,0
DA:4241,0
DA:4244,0
DA:4247,0
DA:4250,0
DA:4253,0
DA:4256,0
DA:4259,0
DA:4262,0
DA:4265,0
DA:4268,0
DA:4271,0
DA:4274,0
DA:4277,0
DA:4280,0
DA:4283,0
DA:4286,0
DA:4289,0
DA:4292,0
DA:4295,0
DA:4298,0
DA:4301,0
DA:4303,0
DA:4306,0
DA:4309,0
DA:4312,0
DA:4315,0
DA:4318,0
DA:4321,0
DA:4324,0
DA:4327,0
DA:4330,0
DA:4333,0
DA:4336,0
DA:4339,0
DA:4342,0
DA:4345,0
DA:4347,0
DA:4350,0
DA:4352,0
DA:4355,0
DA:4357,0
DA:4360,0
DA:4362,0
DA:4365,0
DA:4368,0
DA:4371,0
DA:4374,0
DA:4377,0
DA:4380,0
DA:4382,0
DA:4385,0
DA:4388,0
DA:4391,0
DA:4394,0
DA:4397,0
DA:4400,0
DA:4403,0
DA:4406,0
DA:4409,0
DA:4412,0
DA:4415,0
DA:4418,0
DA:4421,0
DA:4424,0
DA:4427,0
DA:4430,0
DA:4433,0
DA:4436,0
DA:4439,0
DA:4442,0
DA:4445,0
DA:4448,0
DA:4451,0
DA:4454,0
DA:4457,0
DA:4460,0
DA:4463,0
DA:4466,0
DA:4469,0
DA:4472,0
DA:4475,0
DA:4478,0
DA:4481,0
DA:4484,0
DA:4487,0
DA:4490,0
DA:4493,0
DA:4496,0
DA:4499,0
DA:4502,0
DA:4505,0
DA:4508,0
DA:4511,0
DA:4514,0
DA:4517,0
DA:4520,0
DA:4523,0
DA:4526,0
DA:4529,0
DA:4532,0
DA:4535,0
DA:4538,0
DA:4541,0
DA:4544,0
DA:4547,0
DA:4550,0
DA:4553,0
DA:4556,0
DA:4559,0
DA:4562,0
DA:4565,0
DA:4568,0
DA:4571,0
DA:4574,0
DA:4577,0
DA:4580,0
DA:4583,0
DA:4586,0
DA:4589,0
DA:4592,0
DA:4595,0
DA:4598,0
DA:4601,0
DA:4604,0
DA:4607,0
DA:4610,0
DA:4613,0
DA:4616,0
DA:4619,0
DA:4622,0
DA:4625,0
DA:4628,0
DA:4631,0
DA:4634,0
DA:4637,0
DA:4640,0
DA:4643,0
DA:4646,0
DA:4649,0
DA:4652,0
DA:4655,0
DA:4658,0
DA:4661,0
DA:4664,0
DA:4667,0
DA:4670,0
DA:4673,0
DA:4676,0
DA:4679,0
DA:4682,0
DA:4685,0
DA:4688,0
DA:4691,0
DA:4694,0
DA:4697,0
DA:4700,0
DA:4703,0
DA:4706,0
DA:4709,0
DA:4712,0
DA:4715,0
DA:4718,0
DA:4721,0
DA:4724,0
DA:4727,0
DA:4730,0
DA:4733,0
DA:4736,0
DA:4739,0
DA:4742,0
DA:4745,0
DA:4748,0
DA:4751,0
DA:4754,0
DA:4757,0
DA:4760,0
DA:4763,0
DA:4766,0
DA:4769,0
DA:4772,0
DA:4775,0
DA:4778,0
DA:4781,0
DA:4784,0
DA:4787,0
DA:4790,0
DA:4793,0
DA:4796,0
DA:4799,0
DA:4802,0
DA:4805,0
DA:4808,0
DA:4811,0
DA:4814,0
DA:4817,0
DA:4820,0
DA:4823,0
DA:4826,0
DA:4829,0
DA:4832,0
DA:4835,0
DA:4838,0
DA:4841,0
DA:4844,0
DA:4847,0
DA:4850,0
DA:4853,0
DA:4856,0
DA:4859,0
DA:4862,0
DA:4865,0
DA:4868,0
DA:4871,0
DA:4874,0
DA:4877,0
DA:4880,0
DA:4883,0
DA:4886,0
DA:4889,0
DA:4892,0
DA:4895,0
DA:4898,0
DA:4901,0
DA:4904,0
DA:4907,0
DA:4910,0
DA:4913,0
DA:4916,0
DA:4919,0
DA:4922,0
DA:4925,0
DA:4928,0
DA:4931,0
DA:4934,0
DA:4937,0
DA:4940,0
DA:4943,0
DA:4946,0
DA:4949,0
DA:4952,0
DA:4955,0
DA:4958,0
DA:4961,0
DA:4964,0
DA:4967,0
DA:4970,0
DA:4973,0
DA:4976,0
DA:4979,0
DA:4982,0
DA:4985,0
DA:4988,0
DA:4991,0
DA:4994,0
DA:4997,0
DA:5000,0
DA:5003,0
DA:5006,0
DA:5009,0
DA:5012,0
DA:5015,0
DA:5018,0
DA:5021,0
DA:5024,0
DA:5027,0
DA:5030,0
DA:5033,0
DA:5036,0
DA:5039,0
DA:5042,0
DA:5045,0
DA:5048,0
DA:5051,0
DA:5054,0
DA:5057,0
DA:5060,0
DA:5063,0
DA:5066,0
DA:5069,0
DA:5072,0
DA:5075,0
DA:5077,0
DA:5080,0
DA:5082,0
DA:5085,0
DA:5088,0
DA:5091,0
DA:5094,0
DA:5097,0
DA:5100,0
DA:5103,0
DA:5106,0
DA:5109,0
DA:5112,0
DA:5115,0
DA:5118,0
DA:5121,0
DA:5124,0
DA:5127,0
DA:5130,0
DA:5133,0
DA:5136,0
DA:5139,0
DA:5142,0
DA:5145,0
DA:5148,0
DA:5151,0
DA:5154,0
DA:5157,0
DA:5160,0
DA:5163,0
DA:5166,0
DA:5169,0
DA:5172,0
DA:5175,0
DA:5178,0
DA:5181,0
DA:5184,0
DA:5187,0
DA:5190,0
DA:5193,0
DA:5196,0
DA:5199,0
DA:5202,0
DA:5205,0
DA:5208,0
DA:5211,0
DA:5214,0
DA:5217,0
DA:5220,0
DA:5223,0
DA:5226,0
DA:5228,0
DA:5231,0
DA:5233,0
DA:5236,0
DA:5238,0
DA:5241,0
DA:5244,0
DA:5246,0
DA:5249,0
DA:5252,0
DA:5255,0
DA:5257,0
DA:5260,0
DA:5262,0
DA:5265,0
DA:5268,0
DA:5271,0
DA:5274,0
DA:5277,0
DA:5280,0
DA:5282,0
DA:5285,0
DA:5288,0
DA:5291,0
DA:5294,0
DA:5297,0
DA:5300,0
DA:5303,0
DA:5306,0
DA:5309,0
DA:5312,0
DA:5315,0
DA:5317,0
DA:5320,0
DA:5323,0
DA:5326,0
DA:5329,0
DA:5332,0
DA:5335,0
DA:5338,0
DA:5341,0
DA:5344,0
DA:5347,0
DA:5350,0
DA:5353,0
DA:5356,0
DA:5359,0
DA:5362,0
DA:5365,0
DA:5368,0
DA:5371,0
DA:5374,0
DA:5377,0
DA:5380,0
DA:5383,0
DA:5386,0
DA:5389,0
DA:5392,0
DA:5395,0
DA:5398,0
DA:5401,0
DA:5404,0
DA:5407,0
DA:5410,0
DA:5413,0
DA:5416,0
DA:5419,0
DA:5422,0
DA:5425,0
DA:5428,0
DA:5431,0
DA:5434,0
DA:5437,0
DA:5440,0
DA:5443,0
DA:5446,0
DA:5449,0
DA:5452,0
DA:5455,0
DA:5458,0
DA:5461,0
DA:5464,0
DA:5467,0
DA:5470,0
DA:5473,0
DA:5476,0
DA:5479,0
DA:5482,0
DA:5485,0
DA:5488,0
DA:5491,0
DA:5494,0
DA:5497,0
DA:5500,0
DA:5503,0
DA:5506,0
DA:5509,0
DA:5511,0
DA:5514,0
DA:5517,0
DA:5520,0
DA:5523,0
DA:5526,0
DA:5529,0
DA:5532,0
DA:5534,0
DA:5537,0
DA:5540,0
DA:5543,0
DA:5546,0
DA:5549,0
DA:5552,0
DA:5555,0
DA:5558,0
DA:5561,0
DA:5564,0
DA:5567,0
DA:5570,0
DA:5573,0
DA:5576,0
DA:5579,0
DA:5582,0
DA:5585,0
DA:5588,0
DA:5591,0
DA:5594,0
DA:5597,0
DA:5599,0
DA:5602,0
DA:5605,0
DA:5608,0
DA:5611,0
DA:5614,0
DA:5617,0
DA:5620,0
DA:5623,0
DA:5626,0
DA:5629,0
DA:5632,0
DA:5635,0
DA:5638,0
DA:5641,0
DA:5644,0
DA:5647,0
DA:5650,0
DA:5653,0
DA:5656,0
DA:5659,0
DA:5662,0
DA:5665,0
DA:5668,0
DA:5671,0
DA:5674,0
DA:5677,0
DA:5680,0
DA:5683,0
DA:5686,0
DA:5689,0
DA:5692,0
DA:5695,0
DA:5698,0
DA:5701,0
DA:5704,0
DA:5707,0
DA:5710,0
DA:5713,0
DA:5716,0
DA:5719,0
DA:5722,0
DA:5725,0
DA:5728,0
DA:5731,0
DA:5734,0
DA:5737,0
DA:5740,0
DA:5743,0
DA:5746,0
DA:5749,0
DA:5752,0
DA:5755,0
DA:5758,0
DA:5761,0
DA:5764,0
DA:5767,0
DA:5770,0
DA:5773,0
DA:5776,0
DA:5779,0
DA:5782,0
DA:5785,0
DA:5788,0
DA:5791,0
DA:5794,0
DA:5797,0
DA:5800,0
DA:5803,0
DA:5806,0
DA:5809,0
DA:5812,0
DA:5815,0
DA:5818,0
DA:5821,0
DA:5824,0
DA:5827,0
DA:5830,0
DA:5833,0
DA:5836,0
DA:5839,0
DA:5842,0
DA:5845,0
DA:5848,0
DA:5851,0
DA:5854,0
DA:5857,0
DA:5860,0
DA:5863,0
DA:5866,0
DA:5869,0
DA:5872,0
DA:5875,0
DA:5878,0
DA:5881,0
DA:5884,0
DA:5887,0
DA:5890,0
DA:5893,0
DA:5896,0
DA:5899,0
DA:5902,0
DA:5905,0
DA:5908,0
DA:5911,0
DA:5914,0
DA:5917,0
DA:5920,0
DA:5923,0
DA:5926,0
DA:5929,0
DA:5932,0
DA:5935,0
DA:5938,0
DA:5941,0
DA:5944,0
DA:5947,0
DA:5950,0
DA:5953,0
DA:5956,0
DA:5959,0
DA:5962,0
DA:5965,0
DA:5968,0
DA:5971,0
DA:5974,0
DA:5977,0
DA:5980,0
DA:5983,0
DA:5986,0
DA:5989,0
DA:5992,0
DA:5995,0
DA:5998,0
DA:6001,0
DA:6004,0
DA:6007,0
DA:6010,0
DA:6013,0
DA:6016,0
DA:6019,0
DA:6022,0
DA:6025,0
DA:6028,0
DA:6031,0
DA:6034,0
DA:6037,0
DA:6040,0
DA:6043,0
DA:6046,0
DA:6049,0
DA:6052,0
DA:6055,0
DA:6058,0
DA:6061,0
DA:6064,0
DA:6067,0
DA:6070,0
DA:6073,0
DA:6076,0
DA:6079,0
DA:6082,0
DA:6085,0
DA:6088,0
DA:6091,0
DA:6094,0
DA:6097,0
DA:6100,0
DA:6103,0
DA:6106,0
DA:6109,0
DA:6112,0
DA:6115,0
DA:6118,0
DA:6121,0
DA:6124,0
DA:6127,0
DA:6130,0
DA:6133,0
DA:6136,0
DA:6139,0
DA:6142,0
DA:6145,0
DA:6148,0
DA:6151,0
DA:6154,0
DA:6157,0
DA:6160,0
DA:6163,0
DA:6166,0
DA:6169,0
DA:6172,0
DA:6175,0
DA:6178,0
DA:6181,0
DA:6184,0
DA:6187,0
DA:6190,0
DA:6193,0
DA:6196,0
DA:6199,0
DA:6202,0
DA:6205,0
DA:6208,0
DA:6211,0
DA:6214,0
DA:6217,0
DA:6220,0
DA:6223,0
DA:6226,0
DA:6229,0
DA:6232,0
DA:6235,0
DA:6238,0
DA:6241,0
DA:6244,0
DA:6247,0
DA:6250,0
DA:6253,0
DA:6256,0
DA:6259,0
DA:6262,0
DA:6265,0
DA:6268,0
DA:6271,0
DA:6274,0
DA:6277,0
DA:6280,0
DA:6283,0
DA:6286,0
DA:6289,0
DA:6292,0
DA:6295,0
DA:6298,0
DA:6301,0
DA:6304,0
DA:6307,0
DA:6310,0
DA:6313,0
DA:6316,0
DA:6319,0
DA:6322,0
DA:6325,0
DA:6328,0
DA:6331,0
DA:6334,0
DA:6337,0
DA:6340,0
DA:6343,0
DA:6346,0
DA:6349,0
DA:6352,0
DA:6355,0
DA:6358,0
DA:6361,0
DA:6364,0
DA:6367,0
DA:6370,0
DA:6373,0
DA:6376,0
DA:6379,0
DA:6382,0
DA:6385,0
DA:6388,0
DA:6391,0
DA:6394,0
DA:6397,0
DA:6400,0
DA:6403,0
DA:6406,0
DA:6409,0
DA:6412,0
DA:6415,0
DA:6418,0
DA:6421,0
DA:6424,0
DA:6427,0
DA:6430,0
DA:6433,0
DA:6436,0
DA:6439,0
DA:6442,0
DA:6445,0
DA:6448,0
DA:6451,0
DA:6454,0
DA:6457,0
DA:6460,0
DA:6463,0
DA:6466,0
DA:6469,0
DA:6472,0
DA:6475,0
DA:6478,0
DA:6481,0
DA:6484,0
DA:6486,0
DA:6489,0
DA:6491,0
DA:6494,0
DA:6496,0
DA:6499,0
DA:6502,0
DA:6505,0
DA:6508,0
DA:6511,0
DA:6514,0
DA:6517,0
DA:6520,0
DA:6523,0
DA:6526,0
DA:6529,0
DA:6532,0
DA:6535,0
DA:6538,0
DA:6541,0
DA:6544,0
DA:6547,0
DA:6549,0
DA:6552,0
DA:6555,0
DA:6558,0
DA:6561,0
DA:6564,0
DA:6567,0
DA:6570,0
DA:6573,0
DA:6576,0
DA:6579,0
DA:6582,0
DA:6585,0
DA:6588,0
DA:6591,0
DA:6594,0
DA:6597,0
DA:6599,0
DA:6602,0
DA:6604,0
DA:6607,0
DA:6610,0
DA:6613,0
DA:6616,0
DA:6619,0
DA:6622,0
DA:6625,0
DA:6628,0
DA:6631,0
DA:6633,0
DA:6636,0
DA:6639,0
DA:6642,0
DA:6645,0
DA:6648,0
DA:6651,0
DA:6653,0
DA:6656,0
DA:6658,0
DA:6661,0
DA:6663,0
DA:6666,0
DA:6668,0
DA:6671,0
DA:6674,0
DA:6677,0
DA:6680,0
DA:6683,0
DA:6686,0
DA:6689,0
DA:6692,0
DA:6695,0
DA:6698,0
DA:6701,0
DA:6704,0
DA:6707,0
DA:6710,0
DA:6713,0
DA:6716,0
DA:6719,0
DA:6722,0
DA:6725,0
DA:6728,0
DA:6731,0
DA:6734,0
DA:6737,0
DA:6740,0
DA:6743,0
DA:6746,0
DA:6749,0
DA:6752,0
DA:6755,0
DA:6758,0
DA:6761,0
DA:6764,0
DA:6767,0
DA:6770,0
DA:6773,0
DA:6776,0
DA:6779,0
DA:6782,0
DA:6785,0
DA:6788,0
DA:6791,0
DA:6794,0
DA:6797,0
DA:6800,0
DA:6803,0
DA:6806,0
LF:2281
LH:0
end_of_record
SF:lib/generated/i18n_ru.dart
DA:8,0
DA:10,0
DA:13,0
DA:16,0
DA:19,0
DA:22,0
DA:25,0
DA:28,0
DA:31,0
DA:34,0
DA:37,0
DA:40,0
DA:43,0
DA:46,0
DA:49,0
DA:52,0
DA:55,0
DA:58,0
DA:61,0
DA:64,0
DA:67,0
DA:70,0
DA:73,0
DA:76,0
DA:79,0
DA:82,0
DA:85,0
DA:88,0
DA:91,0
DA:93,0
DA:96,0
DA:99,0
DA:102,0
DA:105,0
DA:108,0
DA:111,0
DA:114,0
DA:117,0
DA:120,0
DA:123,0
DA:126,0
DA:129,0
DA:132,0
DA:135,0
DA:138,0
DA:141,0
DA:144,0
DA:147,0
DA:150,0
DA:153,0
DA:156,0
DA:159,0
DA:162,0
DA:165,0
DA:168,0
DA:171,0
DA:174,0
DA:177,0
DA:180,0
DA:183,0
DA:186,0
DA:189,0
DA:192,0
DA:195,0
DA:198,0
DA:201,0
DA:204,0
DA:206,0
DA:209,0
DA:212,0
DA:215,0
DA:218,0
DA:221,0
DA:224,0
DA:227,0
DA:230,0
DA:233,0
DA:236,0
DA:239,0
DA:242,0
DA:245,0
DA:248,0
DA:251,0
DA:254,0
DA:257,0
DA:259,0
DA:262,0
DA:264,0
DA:267,0
DA:270,0
DA:273,0
DA:276,0
DA:279,0
DA:282,0
DA:285,0
DA:288,0
DA:291,0
DA:294,0
DA:297,0
DA:300,0
DA:303,0
DA:306,0
DA:309,0
DA:312,0
DA:315,0
DA:318,0
DA:321,0
DA:326,0
DA:328,0
DA:331,0
DA:334,0
DA:337,0
DA:340,0
DA:343,0
DA:346,0
DA:349,0
DA:352,0
DA:355,0
DA:358,0
DA:361,0
DA:364,0
DA:367,0
DA:370,0
DA:373,0
DA:376,0
DA:379,0
DA:382,0
DA:385,0
DA:388,0
DA:391,0
DA:394,0
DA:397,0
DA:400,0
DA:403,0
DA:406,0
DA:409,0
DA:412,0
DA:415,0
DA:418,0
DA:421,0
DA:424,0
DA:427,0
DA:430,0
DA:433,0
DA:436,0
DA:439,0
DA:442,0
DA:445,0
DA:448,0
DA:451,0
DA:454,0
DA:457,0
DA:460,0
DA:463,0
DA:466,0
DA:469,0
DA:472,0
DA:475,0
DA:478,0
DA:481,0
DA:484,0
DA:487,0
DA:490,0
DA:493,0
DA:496,0
DA:499,0
DA:502,0
DA:505,0
DA:508,0
DA:511,0
DA:514,0
DA:517,0
DA:520,0
DA:523,0
DA:526,0
DA:529,0
DA:532,0
DA:535,0
DA:538,0
DA:541,0
DA:544,0
DA:547,0
DA:550,0
DA:553,0
DA:556,0
DA:559,0
DA:562,0
DA:565,0
DA:568,0
DA:571,0
DA:574,0
DA:577,0
DA:580,0
DA:583,0
DA:586,0
DA:589,0
DA:592,0
DA:595,0
DA:598,0
DA:601,0
DA:604,0
DA:607,0
DA:610,0
DA:613,0
DA:616,0
DA:619,0
DA:622,0
DA:625,0
DA:628,0
DA:631,0
DA:634,0
DA:637,0
DA:640,0
DA:643,0
DA:646,0
DA:649,0
DA:652,0
DA:655,0
DA:658,0
DA:661,0
DA:664,0
DA:667,0
DA:670,0
DA:673,0
DA:676,0
DA:679,0
DA:682,0
DA:685,0
DA:688,0
DA:691,0
DA:694,0
DA:697,0
DA:700,0
DA:703,0
DA:706,0
DA:709,0
DA:712,0
DA:715,0
DA:718,0
DA:721,0
DA:724,0
DA:727,0
DA:730,0
DA:733,0
DA:736,0
DA:739,0
DA:742,0
DA:745,0
DA:748,0
DA:751,0
DA:754,0
DA:757,0
DA:760,0
DA:763,0
DA:766,0
DA:769,0
DA:772,0
DA:775,0
DA:777,0
DA:780,0
DA:783,0
DA:786,0
DA:789,0
DA:792,0
DA:795,0
DA:798,0
DA:801,0
DA:804,0
DA:807,0
DA:810,0
DA:813,0
DA:816,0
DA:819,0
DA:822,0
DA:825,0
DA:828,0
DA:831,0
DA:834,0
DA:837,0
DA:840,0
DA:843,0
DA:846,0
DA:849,0
DA:852,0
DA:855,0
DA:858,0
DA:861,0
DA:864,0
DA:867,0
DA:870,0
DA:873,0
DA:876,0
DA:879,0
DA:882,0
DA:885,0
DA:888,0
DA:891,0
DA:894,0
DA:897,0
DA:900,0
DA:903,0
DA:906,0
DA:909,0
DA:912,0
DA:915,0
DA:918,0
DA:923,0
DA:926,0
DA:929,0
DA:932,0
DA:935,0
DA:938,0
DA:941,0
DA:944,0
DA:947,0
DA:950,0
DA:953,0
DA:956,0
DA:959,0
DA:962,0
DA:965,0
DA:968,0
DA:971,0
DA:974,0
DA:977,0
DA:980,0
DA:983,0
DA:986,0
DA:989,0
DA:992,0
DA:995,0
DA:998,0
DA:1001,0
DA:1004,0
DA:1007,0
DA:1010,0
DA:1013,0
DA:1016,0
DA:1019,0
DA:1022,0
DA:1025,0
DA:1028,0
DA:1031,0
DA:1034,0
DA:1037,0
DA:1040,0
DA:1043,0
DA:1046,0
DA:1049,0
DA:1052,0
DA:1055,0
DA:1058,0
DA:1061,0
DA:1064,0
DA:1067,0
DA:1070,0
DA:1073,0
DA:1076,0
DA:1079,0
DA:1082,0
DA:1085,0
DA:1088,0
DA:1091,0
DA:1094,0
DA:1097,0
DA:1100,0
DA:1103,0
DA:1106,0
DA:1109,0
DA:1112,0
DA:1115,0
DA:1118,0
DA:1121,0
DA:1124,0
DA:1127,0
DA:1130,0
DA:1133,0
DA:1136,0
DA:1139,0
DA:1142,0
DA:1145,0
DA:1148,0
DA:1151,0
DA:1154,0
DA:1157,0
DA:1160,0
DA:1163,0
DA:1166,0
DA:1169,0
DA:1172,0
DA:1175,0
DA:1178,0
DA:1181,0
DA:1184,0
DA:1187,0
DA:1190,0
DA:1193,0
DA:1196,0
DA:1199,0
DA:1202,0
DA:1205,0
DA:1208,0
DA:1211,0
DA:1214,0
DA:1217,0
DA:1220,0
DA:1223,0
DA:1226,0
DA:1229,0
DA:1232,0
DA:1235,0
DA:1238,0
DA:1241,0
DA:1244,0
DA:1247,0
DA:1250,0
DA:1253,0
DA:1256,0
DA:1259,0
DA:1262,0
DA:1265,0
DA:1268,0
DA:1271,0
DA:1274,0
DA:1277,0
DA:1280,0
DA:1283,0
DA:1286,0
DA:1289,0
DA:1292,0
DA:1295,0
DA:1298,0
DA:1301,0
DA:1304,0
DA:1307,0
DA:1310,0
DA:1313,0
DA:1316,0
DA:1319,0
DA:1322,0
DA:1325,0
DA:1328,0
DA:1331,0
DA:1334,0
DA:1337,0
DA:1340,0
DA:1343,0
DA:1346,0
DA:1349,0
DA:1352,0
DA:1355,0
DA:1358,0
DA:1361,0
DA:1364,0
DA:1367,0
DA:1370,0
DA:1373,0
DA:1376,0
DA:1379,0
DA:1382,0
DA:1385,0
DA:1388,0
DA:1391,0
DA:1394,0
DA:1397,0
DA:1400,0
DA:1403,0
DA:1406,0
DA:1409,0
DA:1412,0
DA:1415,0
DA:1418,0
DA:1421,0
DA:1424,0
DA:1427,0
DA:1430,0
DA:1433,0
DA:1436,0
DA:1439,0
DA:1442,0
DA:1445,0
DA:1448,0
DA:1451,0
DA:1454,0
DA:1457,0
DA:1460,0
DA:1463,0
DA:1466,0
DA:1469,0
DA:1472,0
DA:1475,0
DA:1478,0
DA:1481,0
DA:1484,0
DA:1487,0
DA:1490,0
DA:1493,0
DA:1496,0
DA:1499,0
DA:1502,0
DA:1505,0
DA:1508,0
DA:1511,0
DA:1514,0
DA:1517,0
DA:1520,0
DA:1523,0
DA:1526,0
DA:1529,0
DA:1532,0
DA:1535,0
DA:1538,0
DA:1541,0
DA:1544,0
DA:1547,0
DA:1550,0
DA:1553,0
DA:1556,0
DA:1559,0
DA:1562,0
DA:1565,0
DA:1568,0
DA:1571,0
DA:1574,0
DA:1577,0
DA:1580,0
DA:1583,0
DA:1586,0
DA:1589,0
DA:1592,0
DA:1595,0
DA:1597,0
DA:1600,0
DA:1603,0
DA:1606,0
DA:1609,0
DA:1612,0
DA:1615,0
DA:1618,0
DA:1621,0
DA:1624,0
DA:1627,0
DA:1630,0
DA:1633,0
DA:1636,0
DA:1639,0
DA:1642,0
DA:1645,0
DA:1648,0
DA:1651,0
DA:1654,0
DA:1657,0
DA:1660,0
DA:1663,0
DA:1666,0
DA:1669,0
DA:1672,0
DA:1675,0
DA:1678,0
DA:1681,0
DA:1684,0
DA:1687,0
DA:1690,0
DA:1693,0
DA:1696,0
DA:1699,0
DA:1702,0
DA:1705,0
DA:1708,0
DA:1711,0
DA:1714,0
DA:1717,0
DA:1720,0
DA:1723,0
DA:1726,0
DA:1729,0
DA:1732,0
DA:1735,0
DA:1738,0
DA:1741,0
DA:1744,0
DA:1747,0
DA:1750,0
DA:1753,0
DA:1756,0
DA:1759,0
DA:1762,0
DA:1765,0
DA:1768,0
DA:1771,0
DA:1774,0
DA:1777,0
DA:1780,0
DA:1783,0
DA:1786,0
DA:1789,0
DA:1792,0
DA:1795,0
DA:1798,0
DA:1801,0
DA:1804,0
DA:1807,0
DA:1810,0
DA:1813,0
DA:1816,0
DA:1819,0
DA:1822,0
DA:1825,0
DA:1828,0
DA:1831,0
DA:1834,0
DA:1837,0
DA:1840,0
DA:1843,0
DA:1846,0
DA:1849,0
DA:1852,0
DA:1855,0
DA:1858,0
DA:1861,0
DA:1864,0
DA:1867,0
DA:1870,0
DA:1873,0
DA:1876,0
DA:1879,0
DA:1882,0
DA:1885,0
DA:1888,0
DA:1891,0
DA:1894,0
DA:1897,0
DA:1900,0
DA:1903,0
DA:1906,0
DA:1909,0
DA:1912,0
DA:1915,0
DA:1918,0
DA:1921,0
DA:1924,0
DA:1927,0
DA:1930,0
DA:1933,0
DA:1936,0
DA:1939,0
DA:1942,0
DA:1945,0
DA:1948,0
DA:1951,0
DA:1954,0
DA:1957,0
DA:1960,0
DA:1963,0
DA:1966,0
DA:1969,0
DA:1972,0
DA:1975,0
DA:1978,0
DA:1981,0
DA:1984,0
DA:1987,0
DA:1990,0
DA:1993,0
DA:1996,0
DA:1999,0
DA:2002,0
DA:2005,0
DA:2008,0
DA:2011,0
DA:2014,0
DA:2017,0
DA:2020,0
DA:2023,0
DA:2026,0
DA:2029,0
DA:2032,0
DA:2035,0
DA:2038,0
DA:2041,0
DA:2044,0
DA:2047,0
DA:2050,0
DA:2053,0
DA:2056,0
DA:2059,0
DA:2062,0
DA:2065,0
DA:2068,0
DA:2071,0
DA:2074,0
DA:2077,0
DA:2080,0
DA:2083,0
DA:2086,0
DA:2089,0
DA:2092,0
DA:2095,0
DA:2098,0
DA:2101,0
DA:2104,0
DA:2107,0
DA:2110,0
DA:2113,0
DA:2116,0
DA:2119,0
DA:2122,0
DA:2125,0
DA:2128,0
DA:2131,0
DA:2134,0
DA:2137,0
DA:2140,0
DA:2143,0
DA:2146,0
DA:2149,0
DA:2152,0
DA:2155,0
DA:2158,0
DA:2161,0
DA:2164,0
DA:2167,0
DA:2170,0
DA:2173,0
DA:2176,0
DA:2179,0
DA:2182,0
DA:2185,0
DA:2188,0
DA:2191,0
DA:2194,0
DA:2197,0
DA:2200,0
DA:2203,0
DA:2206,0
DA:2209,0
DA:2212,0
DA:2215,0
DA:2218,0
DA:2221,0
DA:2224,0
DA:2227,0
DA:2230,0
DA:2233,0
DA:2236,0
DA:2239,0
DA:2242,0
DA:2245,0
DA:2248,0
DA:2251,0
DA:2254,0
DA:2257,0
DA:2260,0
DA:2263,0
DA:2266,0
DA:2269,0
DA:2272,0
DA:2275,0
DA:2278,0
DA:2281,0
DA:2284,0
DA:2287,0
DA:2290,0
DA:2293,0
DA:2296,0
DA:2299,0
DA:2302,0
DA:2305,0
DA:2308,0
DA:2311,0
DA:2314,0
DA:2317,0
DA:2320,0
DA:2323,0
DA:2326,0
DA:2329,0
DA:2332,0
DA:2335,0
DA:2338,0
DA:2341,0
DA:2344,0
DA:2347,0
DA:2350,0
DA:2353,0
DA:2356,0
DA:2359,0
DA:2362,0
DA:2365,0
DA:2368,0
DA:2371,0
DA:2374,0
DA:2377,0
DA:2380,0
DA:2383,0
DA:2386,0
DA:2389,0
DA:2392,0
DA:2395,0
DA:2398,0
DA:2401,0
DA:2404,0
DA:2407,0
DA:2410,0
DA:2413,0
DA:2416,0
DA:2419,0
DA:2422,0
DA:2425,0
DA:2428,0
DA:2431,0
DA:2434,0
DA:2437,0
DA:2440,0
DA:2443,0
DA:2446,0
DA:2449,0
DA:2452,0
DA:2455,0
DA:2458,0
DA:2461,0
DA:2464,0
DA:2467,0
DA:2470,0
DA:2473,0
DA:2476,0
DA:2479,0
DA:2482,0
DA:2485,0
DA:2488,0
DA:2491,0
DA:2494,0
DA:2497,0
DA:2500,0
DA:2503,0
DA:2506,0
DA:2509,0
DA:2512,0
DA:2515,0
DA:2518,0
DA:2521,0
DA:2524,0
DA:2527,0
DA:2530,0
DA:2533,0
DA:2536,0
DA:2539,0
DA:2542,0
DA:2545,0
DA:2548,0
DA:2551,0
DA:2554,0
DA:2557,0
DA:2560,0
DA:2563,0
DA:2566,0
DA:2569,0
DA:2572,0
DA:2575,0
DA:2578,0
DA:2581,0
DA:2584,0
DA:2587,0
DA:2590,0
DA:2593,0
DA:2596,0
DA:2599,0
DA:2602,0
DA:2605,0
DA:2608,0
DA:2611,0
DA:2614,0
DA:2617,0
DA:2620,0
DA:2623,0
DA:2626,0
DA:2629,0
DA:2632,0
DA:2635,0
DA:2638,0
DA:2641,0
DA:2644,0
DA:2647,0
DA:2650,0
DA:2653,0
DA:2656,0
DA:2659,0
DA:2662,0
DA:2665,0
DA:2668,0
DA:2671,0
DA:2674,0
DA:2677,0
DA:2680,0
DA:2683,0
DA:2686,0
DA:2689,0
DA:2692,0
DA:2695,0
DA:2698,0
DA:2701,0
DA:2704,0
DA:2707,0
DA:2710,0
DA:2713,0
DA:2716,0
DA:2719,0
DA:2722,0
DA:2725,0
DA:2728,0
DA:2731,0
DA:2734,0
DA:2737,0
DA:2740,0
DA:2743,0
DA:2746,0
DA:2749,0
DA:2752,0
DA:2755,0
DA:2758,0
DA:2761,0
DA:2764,0
DA:2767,0
DA:2770,0
DA:2773,0
DA:2776,0
DA:2779,0
DA:2782,0
DA:2785,0
DA:2788,0
DA:2791,0
DA:2794,0
DA:2797,0
DA:2800,0
DA:2803,0
DA:2806,0
DA:2809,0
DA:2812,0
DA:2815,0
DA:2818,0
DA:2821,0
DA:2824,0
DA:2827,0
DA:2830,0
DA:2833,0
DA:2836,0
DA:2839,0
DA:2842,0
DA:2845,0
DA:2848,0
DA:2851,0
DA:2854,0
DA:2857,0
DA:2860,0
DA:2863,0
DA:2866,0
DA:2869,0
DA:2872,0
DA:2875,0
DA:2878,0
DA:2881,0
DA:2884,0
DA:2887,0
DA:2890,0
DA:2893,0
DA:2896,0
DA:2899,0
DA:2902,0
DA:2905,0
DA:2908,0
DA:2911,0
DA:2914,0
DA:2917,0
DA:2920,0
DA:2923,0
DA:2926,0
DA:2929,0
DA:2932,0
DA:2935,0
DA:2938,0
DA:2941,0
DA:2944,0
DA:2947,0
DA:2950,0
DA:2953,0
DA:2956,0
DA:2959,0
DA:2962,0
DA:2965,0
DA:2968,0
DA:2971,0
DA:2974,0
DA:2977,0
DA:2980,0
DA:2983,0
DA:2986,0
DA:2989,0
DA:2992,0
DA:2995,0
DA:2998,0
DA:3001,0
DA:3004,0
DA:3007,0
DA:3010,0
DA:3013,0
DA:3016,0
DA:3019,0
DA:3022,0
DA:3025,0
DA:3028,0
DA:3031,0
DA:3034,0
DA:3037,0
DA:3040,0
DA:3043,0
DA:3046,0
DA:3049,0
DA:3052,0
DA:3055,0
DA:3058,0
DA:3061,0
DA:3064,0
DA:3067,0
DA:3070,0
DA:3073,0
DA:3076,0
DA:3079,0
DA:3082,0
DA:3085,0
DA:3088,0
DA:3091,0
DA:3094,0
DA:3097,0
DA:3100,0
DA:3103,0
DA:3106,0
DA:3109,0
DA:3112,0
DA:3115,0
DA:3118,0
DA:3121,0
DA:3124,0
DA:3127,0
DA:3130,0
DA:3133,0
DA:3136,0
DA:3139,0
DA:3142,0
DA:3145,0
DA:3148,0
DA:3151,0
DA:3154,0
DA:3157,0
DA:3160,0
DA:3163,0
DA:3166,0
DA:3169,0
DA:3172,0
DA:3175,0
DA:3178,0
DA:3181,0
DA:3184,0
DA:3187,0
DA:3190,0
DA:3193,0
DA:3196,0
DA:3199,0
DA:3202,0
DA:3205,0
DA:3208,0
DA:3211,0
DA:3214,0
DA:3217,0
DA:3220,0
DA:3223,0
DA:3226,0
DA:3229,0
DA:3232,0
DA:3235,0
DA:3238,0
DA:3241,0
DA:3244,0
DA:3247,0
DA:3250,0
DA:3253,0
DA:3256,0
DA:3259,0
DA:3262,0
DA:3265,0
DA:3268,0
DA:3271,0
DA:3274,0
DA:3277,0
DA:3280,0
DA:3283,0
DA:3286,0
DA:3289,0
DA:3292,0
DA:3295,0
DA:3298,0
DA:3301,0
DA:3304,0
DA:3307,0
DA:3310,0
DA:3313,0
DA:3316,0
DA:3319,0
DA:3322,0
DA:3325,0
DA:3328,0
DA:3331,0
DA:3334,0
DA:3337,0
DA:3340,0
DA:3343,0
DA:3346,0
DA:3349,0
DA:3352,0
DA:3355,0
DA:3358,0
DA:3361,0
DA:3364,0
DA:3367,0
DA:3370,0
DA:3373,0
DA:3376,0
DA:3379,0
DA:3382,0
DA:3385,0
DA:3388,0
DA:3391,0
DA:3394,0
DA:3397,0
DA:3400,0
DA:3403,0
DA:3406,0
DA:3409,0
DA:3412,0
DA:3415,0
DA:3418,0
DA:3421,0
DA:3424,0
DA:3427,0
DA:3430,0
DA:3433,0
DA:3436,0
DA:3439,0
DA:3442,0
DA:3445,0
DA:3448,0
DA:3451,0
DA:3454,0
DA:3457,0
DA:3460,0
DA:3463,0
DA:3466,0
DA:3469,0
DA:3472,0
DA:3475,0
DA:3478,0
DA:3481,0
DA:3484,0
DA:3487,0
DA:3490,0
DA:3493,0
DA:3496,0
DA:3499,0
DA:3502,0
DA:3505,0
DA:3508,0
DA:3511,0
DA:3514,0
DA:3517,0
DA:3520,0
DA:3523,0
DA:3526,0
DA:3529,0
DA:3532,0
DA:3535,0
DA:3538,0
DA:3541,0
DA:3544,0
DA:3547,0
DA:3550,0
DA:3553,0
DA:3556,0
DA:3559,0
DA:3562,0
DA:3565,0
DA:3568,0
DA:3571,0
DA:3574,0
DA:3577,0
DA:3580,0
DA:3583,0
DA:3586,0
DA:3589,0
DA:3592,0
DA:3595,0
DA:3598,0
DA:3601,0
DA:3604,0
DA:3607,0
DA:3610,0
DA:3613,0
DA:3616,0
DA:3619,0
DA:3622,0
DA:3625,0
DA:3628,0
DA:3631,0
DA:3634,0
DA:3637,0
DA:3640,0
DA:3643,0
DA:3646,0
DA:3649,0
DA:3652,0
DA:3655,0
DA:3658,0
DA:3661,0
DA:3664,0
DA:3667,0
DA:3670,0
DA:3673,0
DA:3676,0
DA:3679,0
DA:3682,0
DA:3685,0
DA:3688,0
DA:3691,0
DA:3694,0
DA:3697,0
DA:3700,0
DA:3703,0
DA:3706,0
DA:3709,0
DA:3712,0
DA:3715,0
DA:3718,0
DA:3721,0
DA:3724,0
DA:3727,0
DA:3730,0
DA:3733,0
DA:3736,0
DA:3739,0
DA:3742,0
DA:3745,0
DA:3748,0
DA:3751,0
DA:3754,0
DA:3757,0
DA:3760,0
DA:3763,0
DA:3766,0
DA:3769,0
DA:3772,0
DA:3775,0
DA:3778,0
DA:3781,0
DA:3784,0
DA:3787,0
DA:3790,0
DA:3793,0
DA:3796,0
DA:3799,0
DA:3802,0
DA:3805,0
DA:3808,0
DA:3811,0
DA:3814,0
DA:3817,0
DA:3820,0
DA:3823,0
DA:3826,0
DA:3829,0
DA:3832,0
DA:3835,0
DA:3838,0
DA:3841,0
DA:3844,0
DA:3847,0
DA:3850,0
DA:3853,0
DA:3856,0
DA:3859,0
DA:3862,0
DA:3865,0
DA:3868,0
DA:3871,0
DA:3874,0
DA:3877,0
DA:3880,0
DA:3883,0
DA:3886,0
DA:3889,0
DA:3892,0
DA:3895,0
DA:3898,0
DA:3901,0
DA:3904,0
DA:3907,0
DA:3910,0
DA:3913,0
DA:3916,0
DA:3919,0
DA:3922,0
DA:3925,0
DA:3928,0
DA:3931,0
DA:3934,0
DA:3937,0
DA:3940,0
DA:3943,0
DA:3946,0
DA:3949,0
DA:3952,0
DA:3955,0
DA:3958,0
DA:3961,0
DA:3964,0
DA:3967,0
DA:3970,0
DA:3973,0
DA:3976,0
DA:3979,0
DA:3982,0
DA:3985,0
DA:3988,0
DA:3991,0
DA:3994,0
DA:3997,0
DA:4000,0
DA:4003,0
DA:4006,0
DA:4009,0
DA:4012,0
DA:4015,0
DA:4018,0
DA:4021,0
DA:4024,0
DA:4027,0
DA:4030,0
DA:4033,0
DA:4036,0
DA:4039,0
DA:4042,0
DA:4045,0
DA:4048,0
DA:4051,0
DA:4054,0
DA:4057,0
DA:4060,0
DA:4063,0
DA:4066,0
DA:4069,0
DA:4072,0
DA:4075,0
DA:4078,0
DA:4081,0
DA:4084,0
DA:4087,0
DA:4090,0
DA:4093,0
DA:4096,0
DA:4099,0
DA:4102,0
DA:4105,0
DA:4108,0
DA:4111,0
DA:4114,0
DA:4117,0
DA:4120,0
DA:4123,0
DA:4126,0
DA:4129,0
DA:4132,0
DA:4135,0
DA:4138,0
DA:4141,0
DA:4144,0
DA:4147,0
DA:4150,0
DA:4153,0
DA:4156,0
DA:4159,0
DA:4162,0
DA:4165,0
DA:4168,0
DA:4171,0
DA:4174,0
DA:4177,0
DA:4179,0
DA:4182,0
DA:4184,0
DA:4187,0
DA:4190,0
DA:4193,0
DA:4196,0
DA:4199,0
DA:4202,0
DA:4205,0
DA:4208,0
DA:4211,0
DA:4214,0
DA:4217,0
DA:4220,0
DA:4223,0
DA:4226,0
DA:4229,0
DA:4232,0
DA:4235,0
DA:4238,0
DA:4241,0
DA:4244,0
DA:4247,0
DA:4250,0
DA:4253,0
DA:4256,0
DA:4259,0
DA:4262,0
DA:4265,0
DA:4268,0
DA:4271,0
DA:4274,0
DA:4277,0
DA:4280,0
DA:4283,0
DA:4286,0
DA:4289,0
DA:4292,0
DA:4295,0
DA:4298,0
DA:4301,0
DA:4303,0
DA:4306,0
DA:4309,0
DA:4312,0
DA:4315,0
DA:4318,0
DA:4321,0
DA:4324,0
DA:4327,0
DA:4330,0
DA:4333,0
DA:4336,0
DA:4339,0
DA:4342,0
DA:4345,0
DA:4347,0
DA:4350,0
DA:4352,0
DA:4355,0
DA:4357,0
DA:4360,0
DA:4362,0
DA:4365,0
DA:4368,0
DA:4371,0
DA:4374,0
DA:4377,0
DA:4380,0
DA:4382,0
DA:4385,0
DA:4388,0
DA:4391,0
DA:4394,0
DA:4397,0
DA:4400,0
DA:4403,0
DA:4406,0
DA:4409,0
DA:4412,0
DA:4415,0
DA:4418,0
DA:4421,0
DA:4424,0
DA:4427,0
DA:4430,0
DA:4433,0
DA:4436,0
DA:4439,0
DA:4442,0
DA:4445,0
DA:4448,0
DA:4451,0
DA:4454,0
DA:4457,0
DA:4460,0
DA:4463,0
DA:4466,0
DA:4469,0
DA:4472,0
DA:4475,0
DA:4478,0
DA:4481,0
DA:4484,0
DA:4487,0
DA:4490,0
DA:4493,0
DA:4496,0
DA:4499,0
DA:4502,0
DA:4505,0
DA:4508,0
DA:4511,0
DA:4514,0
DA:4517,0
DA:4520,0
DA:4523,0
DA:4526,0
DA:4529,0
DA:4532,0
DA:4535,0
DA:4538,0
DA:4541,0
DA:4544,0
DA:4547,0
DA:4550,0
DA:4553,0
DA:4556,0
DA:4559,0
DA:4562,0
DA:4565,0
DA:4568,0
DA:4571,0
DA:4574,0
DA:4577,0
DA:4580,0
DA:4583,0
DA:4586,0
DA:4589,0
DA:4592,0
DA:4595,0
DA:4598,0
DA:4601,0
DA:4604,0
DA:4607,0
DA:4610,0
DA:4613,0
DA:4616,0
DA:4619,0
DA:4622,0
DA:4625,0
DA:4628,0
DA:4631,0
DA:4634,0
DA:4637,0
DA:4640,0
DA:4643,0
DA:4646,0
DA:4649,0
DA:4652,0
DA:4655,0
DA:4658,0
DA:4661,0
DA:4664,0
DA:4667,0
DA:4670,0
DA:4673,0
DA:4676,0
DA:4679,0
DA:4682,0
DA:4685,0
DA:4688,0
DA:4691,0
DA:4694,0
DA:4697,0
DA:4700,0
DA:4703,0
DA:4706,0
DA:4709,0
DA:4712,0
DA:4715,0
DA:4718,0
DA:4721,0
DA:4724,0
DA:4727,0
DA:4730,0
DA:4733,0
DA:4736,0
DA:4739,0
DA:4742,0
DA:4745,0
DA:4748,0
DA:4751,0
DA:4754,0
DA:4757,0
DA:4760,0
DA:4763,0
DA:4766,0
DA:4769,0
DA:4772,0
DA:4775,0
DA:4778,0
DA:4781,0
DA:4784,0
DA:4787,0
DA:4790,0
DA:4793,0
DA:4796,0
DA:4799,0
DA:4802,0
DA:4805,0
DA:4808,0
DA:4811,0
DA:4814,0
DA:4817,0
DA:4820,0
DA:4823,0
DA:4826,0
DA:4829,0
DA:4832,0
DA:4835,0
DA:4838,0
DA:4841,0
DA:4844,0
DA:4847,0
DA:4850,0
DA:4853,0
DA:4856,0
DA:4859,0
DA:4862,0
DA:4865,0
DA:4868,0
DA:4871,0
DA:4874,0
DA:4877,0
DA:4880,0
DA:4883,0
DA:4886,0
DA:4889,0
DA:4892,0
DA:4895,0
DA:4898,0
DA:4901,0
DA:4904,0
DA:4907,0
DA:4910,0
DA:4913,0
DA:4916,0
DA:4919,0
DA:4922,0
DA:4925,0
DA:4928,0
DA:4931,0
DA:4934,0
DA:4937,0
DA:4940,0
DA:4943,0
DA:4946,0
DA:4949,0
DA:4952,0
DA:4955,0
DA:4958,0
DA:4961,0
DA:4964,0
DA:4967,0
DA:4970,0
DA:4973,0
DA:4976,0
DA:4979,0
DA:4982,0
DA:4985,0
DA:4988,0
DA:4991,0
DA:4994,0
DA:4997,0
DA:5000,0
DA:5003,0
DA:5006,0
DA:5009,0
DA:5012,0
DA:5015,0
DA:5018,0
DA:5021,0
DA:5024,0
DA:5027,0
DA:5030,0
DA:5033,0
DA:5036,0
DA:5039,0
DA:5042,0
DA:5045,0
DA:5048,0
DA:5051,0
DA:5054,0
DA:5057,0
DA:5060,0
DA:5063,0
DA:5066,0
DA:5069,0
DA:5072,0
DA:5075,0
DA:5077,0
DA:5080,0
DA:5082,0
DA:5085,0
DA:5088,0
DA:5091,0
DA:5094,0
DA:5097,0
DA:5100,0
DA:5103,0
DA:5106,0
DA:5109,0
DA:5112,0
DA:5115,0
DA:5118,0
DA:5121,0
DA:5124,0
DA:5127,0
DA:5130,0
DA:5133,0
DA:5136,0
DA:5139,0
DA:5142,0
DA:5145,0
DA:5148,0
DA:5151,0
DA:5154,0
DA:5157,0
DA:5160,0
DA:5163,0
DA:5166,0
DA:5169,0
DA:5172,0
DA:5175,0
DA:5178,0
DA:5181,0
DA:5184,0
DA:5187,0
DA:5190,0
DA:5193,0
DA:5196,0
DA:5199,0
DA:5202,0
DA:5205,0
DA:5208,0
DA:5211,0
DA:5214,0
DA:5217,0
DA:5220,0
DA:5223,0
DA:5226,0
DA:5228,0
DA:5231,0
DA:5233,0
DA:5236,0
DA:5238,0
DA:5241,0
DA:5244,0
DA:5246,0
DA:5249,0
DA:5252,0
DA:5255,0
DA:5257,0
DA:5260,0
DA:5262,0
DA:5265,0
DA:5268,0
DA:5271,0
DA:5274,0
DA:5277,0
DA:5280,0
DA:5282,0
DA:5285,0
DA:5288,0
DA:5291,0
DA:5294,0
DA:5297,0
DA:5300,0
DA:5303,0
DA:5306,0
DA:5309,0
DA:5312,0
DA:5315,0
DA:5317,0
DA:5320,0
DA:5323,0
DA:5326,0
DA:5329,0
DA:5332,0
DA:5335,0
DA:5338,0
DA:5341,0
DA:5344,0
DA:5347,0
DA:5350,0
DA:5353,0
DA:5356,0
DA:5359,0
DA:5362,0
DA:5365,0
DA:5368,0
DA:5371,0
DA:5374,0
DA:5377,0
DA:5380,0
DA:5383,0
DA:5386,0
DA:5389,0
DA:5392,0
DA:5395,0
DA:5398,0
DA:5401,0
DA:5404,0
DA:5407,0
DA:5410,0
DA:5413,0
DA:5416,0
DA:5419,0
DA:5422,0
DA:5425,0
DA:5428,0
DA:5431,0
DA:5434,0
DA:5437,0
DA:5440,0
DA:5443,0
DA:5446,0
DA:5449,0
DA:5452,0
DA:5455,0
DA:5458,0
DA:5461,0
DA:5464,0
DA:5467,0
DA:5470,0
DA:5473,0
DA:5476,0
DA:5479,0
DA:5482,0
DA:5485,0
DA:5488,0
DA:5491,0
DA:5494,0
DA:5497,0
DA:5500,0
DA:5503,0
DA:5506,0
DA:5509,0
DA:5511,0
DA:5514,0
DA:5517,0
DA:5520,0
DA:5523,0
DA:5526,0
DA:5529,0
DA:5532,0
DA:5537,0
DA:5540,0
DA:5543,0
DA:5546,0
DA:5549,0
DA:5552,0
DA:5555,0
DA:5558,0
DA:5561,0
DA:5564,0
DA:5567,0
DA:5570,0
DA:5573,0
DA:5576,0
DA:5579,0
DA:5582,0
DA:5585,0
DA:5588,0
DA:5591,0
DA:5594,0
DA:5597,0
DA:5599,0
DA:5602,0
DA:5605,0
DA:5608,0
DA:5611,0
DA:5614,0
DA:5617,0
DA:5620,0
DA:5623,0
DA:5626,0
DA:5629,0
DA:5632,0
DA:5635,0
DA:5638,0
DA:5641,0
DA:5644,0
DA:5647,0
DA:5650,0
DA:5653,0
DA:5656,0
DA:5659,0
DA:5662,0
DA:5665,0
DA:5668,0
DA:5671,0
DA:5674,0
DA:5677,0
DA:5680,0
DA:5683,0
DA:5686,0
DA:5689,0
DA:5692,0
DA:5695,0
DA:5698,0
DA:5701,0
DA:5704,0
DA:5707,0
DA:5710,0
DA:5713,0
DA:5716,0
DA:5719,0
DA:5722,0
DA:5725,0
DA:5728,0
DA:5731,0
DA:5734,0
DA:5737,0
DA:5740,0
DA:5743,0
DA:5746,0
DA:5749,0
DA:5752,0
DA:5755,0
DA:5758,0
DA:5761,0
DA:5764,0
DA:5767,0
DA:5770,0
DA:5773,0
DA:5776,0
DA:5779,0
DA:5782,0
DA:5785,0
DA:5788,0
DA:5791,0
DA:5794,0
DA:5797,0
DA:5800,0
DA:5803,0
DA:5806,0
DA:5809,0
DA:5812,0
DA:5815,0
DA:5818,0
DA:5821,0
DA:5824,0
DA:5827,0
DA:5830,0
DA:5833,0
DA:5836,0
DA:5839,0
DA:5842,0
DA:5845,0
DA:5848,0
DA:5851,0
DA:5854,0
DA:5857,0
DA:5860,0
DA:5863,0
DA:5866,0
DA:5869,0
DA:5872,0
DA:5875,0
DA:5878,0
DA:5881,0
DA:5884,0
DA:5887,0
DA:5890,0
DA:5893,0
DA:5896,0
DA:5899,0
DA:5902,0
DA:5905,0
DA:5908,0
DA:5911,0
DA:5914,0
DA:5917,0
DA:5920,0
DA:5923,0
DA:5926,0
DA:5929,0
DA:5932,0
DA:5935,0
DA:5938,0
DA:5941,0
DA:5944,0
DA:5947,0
DA:5950,0
DA:5953,0
DA:5956,0
DA:5959,0
DA:5962,0
DA:5965,0
DA:5968,0
DA:5971,0
DA:5974,0
DA:5977,0
DA:5980,0
DA:5983,0
DA:5986,0
DA:5989,0
DA:5992,0
DA:5995,0
DA:5998,0
DA:6001,0
DA:6004,0
DA:6007,0
DA:6010,0
DA:6013,0
DA:6016,0
DA:6019,0
DA:6022,0
DA:6025,0
DA:6028,0
DA:6031,0
DA:6034,0
DA:6037,0
DA:6040,0
DA:6043,0
DA:6046,0
DA:6049,0
DA:6052,0
DA:6055,0
DA:6058,0
DA:6061,0
DA:6064,0
DA:6067,0
DA:6070,0
DA:6073,0
DA:6076,0
DA:6079,0
DA:6082,0
DA:6085,0
DA:6088,0
DA:6091,0
DA:6094,0
DA:6097,0
DA:6100,0
DA:6103,0
DA:6106,0
DA:6109,0
DA:6112,0
DA:6115,0
DA:6118,0
DA:6121,0
DA:6124,0
DA:6127,0
DA:6130,0
DA:6133,0
DA:6136,0
DA:6139,0
DA:6142,0
DA:6145,0
DA:6148,0
DA:6151,0
DA:6154,0
DA:6157,0
DA:6160,0
DA:6163,0
DA:6166,0
DA:6169,0
DA:6172,0
DA:6175,0
DA:6178,0
DA:6181,0
DA:6184,0
DA:6187,0
DA:6190,0
DA:6193,0
DA:6196,0
DA:6199,0
DA:6202,0
DA:6205,0
DA:6208,0
DA:6211,0
DA:6214,0
DA:6217,0
DA:6220,0
DA:6223,0
DA:6226,0
DA:6229,0
DA:6232,0
DA:6235,0
DA:6238,0
DA:6241,0
DA:6244,0
DA:6247,0
DA:6250,0
DA:6253,0
DA:6256,0
DA:6259,0
DA:6262,0
DA:6265,0
DA:6268,0
DA:6271,0
DA:6274,0
DA:6277,0
DA:6280,0
DA:6283,0
DA:6286,0
DA:6289,0
DA:6292,0
DA:6295,0
DA:6298,0
DA:6301,0
DA:6304,0
DA:6307,0
DA:6310,0
DA:6313,0
DA:6316,0
DA:6319,0
DA:6322,0
DA:6325,0
DA:6328,0
DA:6331,0
DA:6334,0
DA:6337,0
DA:6340,0
DA:6343,0
DA:6346,0
DA:6349,0
DA:6352,0
DA:6355,0
DA:6358,0
DA:6361,0
DA:6364,0
DA:6367,0
DA:6370,0
DA:6373,0
DA:6376,0
DA:6379,0
DA:6382,0
DA:6385,0
DA:6388,0
DA:6391,0
DA:6394,0
DA:6397,0
DA:6400,0
DA:6403,0
DA:6406,0
DA:6409,0
DA:6412,0
DA:6415,0
DA:6418,0
DA:6421,0
DA:6424,0
DA:6427,0
DA:6430,0
DA:6433,0
DA:6436,0
DA:6439,0
DA:6442,0
DA:6445,0
DA:6448,0
DA:6451,0
DA:6454,0
DA:6457,0
DA:6460,0
DA:6463,0
DA:6466,0
DA:6469,0
DA:6472,0
DA:6475,0
DA:6478,0
DA:6481,0
DA:6484,0
DA:6486,0
DA:6489,0
DA:6491,0
DA:6494,0
DA:6496,0
DA:6499,0
DA:6502,0
DA:6505,0
DA:6508,0
DA:6511,0
DA:6514,0
DA:6517,0
DA:6520,0
DA:6523,0
DA:6526,0
DA:6529,0
DA:6532,0
DA:6535,0
DA:6538,0
DA:6541,0
DA:6544,0
DA:6547,0
DA:6549,0
DA:6552,0
DA:6555,0
DA:6558,0
DA:6561,0
DA:6564,0
DA:6567,0
DA:6570,0
DA:6573,0
DA:6576,0
DA:6579,0
DA:6582,0
DA:6585,0
DA:6588,0
DA:6591,0
DA:6594,0
DA:6597,0
DA:6599,0
DA:6602,0
DA:6604,0
DA:6607,0
DA:6610,0
DA:6613,0
DA:6616,0
DA:6619,0
DA:6622,0
DA:6625,0
DA:6628,0
DA:6631,0
DA:6633,0
DA:6636,0
DA:6639,0
DA:6642,0
DA:6645,0
DA:6648,0
DA:6651,0
DA:6653,0
DA:6656,0
DA:6658,0
DA:6661,0
DA:6663,0
DA:6666,0
DA:6668,0
DA:6671,0
DA:6674,0
DA:6677,0
DA:6680,0
DA:6683,0
DA:6686,0
DA:6689,0
DA:6692,0
DA:6695,0
DA:6698,0
DA:6701,0
DA:6704,0
DA:6707,0
DA:6710,0
DA:6713,0
DA:6716,0
DA:6719,0
DA:6722,0
DA:6725,0
DA:6728,0
DA:6731,0
DA:6734,0
DA:6737,0
DA:6740,0
DA:6743,0
DA:6746,0
DA:6749,0
DA:6752,0
DA:6755,0
DA:6758,0
DA:6761,0
DA:6764,0
DA:6767,0
DA:6770,0
DA:6773,0
DA:6776,0
DA:6779,0
DA:6782,0
DA:6785,0
DA:6788,0
DA:6791,0
DA:6794,0
DA:6797,0
DA:6800,0
DA:6803,0
DA:6806,0
LF:2278
LH:0
end_of_record
